#
# There is insufficient memory for the Java Runtime Environment to continue.
# Native memory allocation (mmap) failed to map 396361728 bytes for G1 virtual space
# Possible reasons:
#   The system is out of physical RAM or swap space
#   The process is running with CompressedOops enabled, and the Java Heap may be blocking the growth of the native heap
# Possible solutions:
#   Reduce memory load on the system
#   Increase physical memory or swap space
#   Check if swap backing store is full
#   Decrease Java heap size (-Xmx/-Xms)
#   Decrease number of Java threads
#   Decrease Java thread stack sizes (-Xss)
#   Set larger code cache with -XX:ReservedCodeCacheSize=
#   JVM is running with Zero Based Compressed Oops mode in which the Java heap is
#     placed in the first 32GB address space. The Java Heap base address is the
#     maximum limit for the native heap growth. Please use -XX:HeapBaseMinAddress
#     to set the Java Heap base and to place the Java Heap above 32GB virtual address.
# This output file may be truncated or incomplete.
#
#  Out of Memory Error (os_windows.cpp:3469), pid=10424, tid=4044
#
# JRE version: OpenJDK Runtime Environment Temurin-17+35 (17.0+35) (build 17+35)
# Java VM: OpenJDK 64-Bit Server VM Temurin-17+35 (17+35, mixed mode, tiered, compressed oops, compressed class ptrs, g1 gc, windows-amd64)
# No core dump will be written. Minidumps are not enabled by default on client versions of Windows
#

---------------  S U M M A R Y ------------

Command Line: -Dmaven.home=EMBEDDED -Dclassworlds.conf=E:\Documents (D)\eclipse-workspace\.metadata\.plugins\org.eclipse.m2e.launching\launches\m2conf14495017150019221332.tmp -Dmaven.multiModuleProjectDirectory=E:\Documents (D)\eclipse-workspace\pni3 -Dfile.encoding=Cp1252 -XX:+ShowCodeDetailsInExceptionMessages org.codehaus.plexus.classworlds.launcher.Launcher -B clean package

Host: Intel(R) Core(TM) i5-9600K CPU @ 3.70GHz, 6 cores, 15G,  Windows 10 , 64 bit Build 19041 (10.0.19041.1348)
Time: Thu Nov 18 19:54:37 2021 Hora oficial do Brasil elapsed time: 7.827537 seconds (0d 0h 0m 7s)

---------------  T H R E A D  ---------------

Current thread (0x0000019278c1f630):  VMThread "VM Thread" [stack: 0x0000007586b00000,0x0000007586c00000] [id=4044]

Stack: [0x0000007586b00000,0x0000007586c00000]
Native frames: (J=compiled Java code, j=interpreted, Vv=VM code, C=native code)
V  [jvm.dll+0x674afa]
V  [jvm.dll+0x82eb44]
V  [jvm.dll+0x8302ee]
V  [jvm.dll+0x830953]
V  [jvm.dll+0x245335]
V  [jvm.dll+0x671ae9]
V  [jvm.dll+0x6665b2]
V  [jvm.dll+0x303e3b]
V  [jvm.dll+0x30b376]
V  [jvm.dll+0x35b30e]
V  [jvm.dll+0x35b53f]
V  [jvm.dll+0x2dad78]
V  [jvm.dll+0x2d902c]
V  [jvm.dll+0x2d85fc]
V  [jvm.dll+0x31c44b]
V  [jvm.dll+0x834dbb]
V  [jvm.dll+0x835af4]
V  [jvm.dll+0x83600c]
V  [jvm.dll+0x8363e4]
V  [jvm.dll+0x8364b0]
V  [jvm.dll+0x7dedba]
V  [jvm.dll+0x673925]
C  [ucrtbase.dll+0x21bb2]
C  [KERNEL32.DLL+0x17034]
C  [ntdll.dll+0x52651]

VM_Operation (0x00000075865fd560): G1CollectForAllocation, mode: safepoint, requested by thread 0x0000019259c5c970


---------------  P R O C E S S  ---------------

Threads class SMR info:
_java_thread_list=0x000001927da7e270, length=13, elements={
0x0000019259c5c970, 0x0000019278c333e0, 0x0000019278c344d0, 0x0000019278c68580,
0x0000019278c6a540, 0x0000019278c5fbe0, 0x0000019278c60590, 0x0000019278c6ee80,
0x0000019278c77790, 0x0000019278c7a5a0, 0x0000019278dcb530, 0x0000019278de2380,
0x000001927b1283b0
}

Java Threads: ( => current thread )
  0x0000019259c5c970 JavaThread "main" [_thread_blocked, id=6196, stack(0x0000007586500000,0x0000007586600000)]
  0x0000019278c333e0 JavaThread "Reference Handler" daemon [_thread_blocked, id=15232, stack(0x0000007586c00000,0x0000007586d00000)]
  0x0000019278c344d0 JavaThread "Finalizer" daemon [_thread_blocked, id=7076, stack(0x0000007586d00000,0x0000007586e00000)]
  0x0000019278c68580 JavaThread "Signal Dispatcher" daemon [_thread_blocked, id=2344, stack(0x0000007586e00000,0x0000007586f00000)]
  0x0000019278c6a540 JavaThread "Attach Listener" daemon [_thread_blocked, id=16948, stack(0x0000007586f00000,0x0000007587000000)]
  0x0000019278c5fbe0 JavaThread "Service Thread" daemon [_thread_blocked, id=2760, stack(0x0000007587000000,0x0000007587100000)]
  0x0000019278c60590 JavaThread "Monitor Deflation Thread" daemon [_thread_blocked, id=3176, stack(0x0000007587100000,0x0000007587200000)]
  0x0000019278c6ee80 JavaThread "C2 CompilerThread0" daemon [_thread_blocked, id=11912, stack(0x0000007587200000,0x0000007587300000)]
  0x0000019278c77790 JavaThread "C1 CompilerThread0" daemon [_thread_blocked, id=7292, stack(0x0000007587300000,0x0000007587400000)]
  0x0000019278c7a5a0 JavaThread "Sweeper thread" daemon [_thread_blocked, id=17284, stack(0x0000007587400000,0x0000007587500000)]
  0x0000019278dcb530 JavaThread "Notification Thread" daemon [_thread_blocked, id=15772, stack(0x0000007587500000,0x0000007587600000)]
  0x0000019278de2380 JavaThread "Common-Cleaner" daemon [_thread_blocked, id=13736, stack(0x0000007587700000,0x0000007587800000)]
  0x000001927b1283b0 JavaThread "C2 CompilerThread1" daemon [_thread_blocked, id=6012, stack(0x0000007587800000,0x0000007587900000)]

Other Threads:
=>0x0000019278c1f630 VMThread "VM Thread" [stack: 0x0000007586b00000,0x0000007586c00000] [id=4044]
  0x0000019259ccb620 WatcherThread [stack: 0x0000007587600000,0x0000007587700000] [id=6224]
  0x0000019259cacad0 GCTaskThread "GC Thread#0" [stack: 0x0000007586600000,0x0000007586700000] [id=13860]
  0x000001927aacde80 GCTaskThread "GC Thread#1" [stack: 0x0000007587900000,0x0000007587a00000] [id=17656]
  0x0000019278e1a800 GCTaskThread "GC Thread#2" [stack: 0x0000007587a00000,0x0000007587b00000] [id=15224]
  0x0000019279903840 GCTaskThread "GC Thread#3" [stack: 0x0000007587b00000,0x0000007587c00000] [id=7572]
  0x0000019279903af0 GCTaskThread "GC Thread#4" [stack: 0x0000007587c00000,0x0000007587d00000] [id=8152]
  0x000001927ab2df60 GCTaskThread "GC Thread#5" [stack: 0x0000007587d00000,0x0000007587e00000] [id=11880]
  0x0000019259cbe7b0 ConcurrentGCThread "G1 Main Marker" [stack: 0x0000007586700000,0x0000007586800000] [id=11928]
  0x0000019259cbf960 ConcurrentGCThread "G1 Conc#0" [stack: 0x0000007586800000,0x0000007586900000] [id=2676]
  0x000001927c30bb80 ConcurrentGCThread "G1 Conc#1" [stack: 0x0000007587e00000,0x0000007587f00000] [id=13628]
  0x00000192781a24c0 ConcurrentGCThread "G1 Refine#0" [stack: 0x0000007586900000,0x0000007586a00000] [id=2428]
  0x000001927af78f10 ConcurrentGCThread "G1 Refine#1" [stack: 0x0000007587f00000,0x0000007588000000] [id=10560]
  0x000001927b1f8b90 ConcurrentGCThread "G1 Refine#2" [stack: 0x0000007588000000,0x0000007588100000] [id=16188]
  0x00000192781a2cf0 ConcurrentGCThread "G1 Service" [stack: 0x0000007586a00000,0x0000007586b00000] [id=6304]

Threads with active compile tasks:
C2 CompilerThread0     7845 9539   !   4       sun.nio.cs.StreamDecoder::read0 (116 bytes)
C2 CompilerThread1     7845 9437       4       org.apache.maven.model.merge.MavenModelMerger::mergePlugin_Executions (235 bytes)

VM state: at safepoint (normal execution)

VM Mutex/Monitor currently owned by a thread:  ([mutex/lock_event])
[0x0000019259c58740] Threads_lock - owner thread: 0x0000019278c1f630
[0x0000019259c571e0] Heap_lock - owner thread: 0x0000019259c5c970

Heap address: 0x0000000702600000, size: 4058 MB, Compressed Oops mode: Zero based, Oop shift amount: 3

CDS archive(s) not mapped
Compressed class space mapped at: 0x0000000800000000-0x0000000840000000, reserved size: 1073741824
Narrow klass base: 0x0000000800000000, Narrow klass shift: 0, Narrow klass range: 0x40000000

GC Precious Log:
 CPUs: 6 total, 6 available
 Memory: 16226M
 Large Page Support: Disabled
 NUMA Support: Disabled
 Compressed Oops: Enabled (Zero based)
 Heap Region Size: 2M
 Heap Min Capacity: 8M
 Heap Initial Capacity: 254M
 Heap Max Capacity: 4058M
 Pre-touch: Disabled
 Parallel Workers: 6
 Concurrent Workers: 2
 Concurrent Refinement Workers: 6
 Periodic GC: Disabled

Heap:
 garbage-first heap   total 296960K, used 226919K [0x0000000702600000, 0x0000000800000000)
  region size 2048K, 2 young (4096K), 2 survivors (4096K)
 Metaspace       used 40398K, committed 40832K, reserved 1089536K
  class space    used 4140K, committed 4352K, reserved 1048576K

Heap Regions: E=young(eden), S=young(survivor), O=old, HS=humongous(starts), HC=humongous(continues), CS=collection set, F=free, OA=open archive, CA=closed archive, TAMS=top-at-mark-start (previous, next)
|   0|0x0000000702600000, 0x0000000702800000, 0x0000000702800000|100%| O|  |TAMS 0x0000000702800000, 0x0000000702800000| Untracked 
|   1|0x0000000702800000, 0x0000000702a00000, 0x0000000702a00000|100%| O|  |TAMS 0x0000000702a00000, 0x0000000702a00000| Untracked 
|   2|0x0000000702a00000, 0x0000000702c00000, 0x0000000702c00000|100%| O|  |TAMS 0x0000000702c00000, 0x0000000702c00000| Untracked 
|   3|0x0000000702c00000, 0x0000000702e00000, 0x0000000702e00000|100%| O|  |TAMS 0x0000000702e00000, 0x0000000702e00000| Untracked 
|   4|0x0000000702e00000, 0x0000000703000000, 0x0000000703000000|100%| O|  |TAMS 0x0000000703000000, 0x0000000703000000| Untracked 
|   5|0x0000000703000000, 0x0000000703200000, 0x0000000703200000|100%| O|  |TAMS 0x0000000703200000, 0x0000000703200000| Untracked 
|   6|0x0000000703200000, 0x0000000703400000, 0x0000000703400000|100%| O|  |TAMS 0x0000000703400000, 0x0000000703400000| Untracked 
|   7|0x0000000703400000, 0x0000000703600000, 0x0000000703600000|100%| O|  |TAMS 0x0000000703600000, 0x0000000703600000| Untracked 
|   8|0x0000000703600000, 0x0000000703800000, 0x0000000703800000|100%| O|  |TAMS 0x0000000703800000, 0x0000000703800000| Untracked 
|   9|0x0000000703800000, 0x0000000703a00000, 0x0000000703a00000|100%| O|  |TAMS 0x0000000703a00000, 0x0000000703a00000| Untracked 
|  10|0x0000000703a00000, 0x0000000703c00000, 0x0000000703c00000|100%| O|  |TAMS 0x0000000703c00000, 0x0000000703c00000| Untracked 
|  11|0x0000000703c00000, 0x0000000703c00000, 0x0000000703e00000|  0%| F|  |TAMS 0x0000000703c00000, 0x0000000703c00000| Untracked 
|  12|0x0000000703e00000, 0x0000000703e00000, 0x0000000704000000|  0%| F|  |TAMS 0x0000000703e00000, 0x0000000703e00000| Untracked 
|  13|0x0000000704000000, 0x0000000704000000, 0x0000000704200000|  0%| F|  |TAMS 0x0000000704000000, 0x0000000704000000| Untracked 
|  14|0x0000000704200000, 0x0000000704200000, 0x0000000704400000|  0%| F|  |TAMS 0x0000000704200000, 0x0000000704200000| Untracked 
|  15|0x0000000704400000, 0x0000000704600000, 0x0000000704600000|100%| O|  |TAMS 0x0000000704600000, 0x0000000704600000| Untracked 
|  16|0x0000000704600000, 0x0000000704800000, 0x0000000704800000|100%| O|  |TAMS 0x0000000704800000, 0x0000000704800000| Untracked 
|  17|0x0000000704800000, 0x0000000704a00000, 0x0000000704a00000|100%| O|  |TAMS 0x0000000704a00000, 0x0000000704a00000| Untracked 
|  18|0x0000000704a00000, 0x0000000704c00000, 0x0000000704c00000|100%|HS|  |TAMS 0x0000000704c00000, 0x0000000704c00000| Complete 
|  19|0x0000000704c00000, 0x0000000704e00000, 0x0000000704e00000|100%| O|  |TAMS 0x0000000704e00000, 0x0000000704e00000| Untracked 
|  20|0x0000000704e00000, 0x0000000705000000, 0x0000000705000000|100%| O|  |TAMS 0x0000000705000000, 0x0000000705000000| Untracked 
|  21|0x0000000705000000, 0x0000000705200000, 0x0000000705200000|100%| O|  |TAMS 0x0000000705200000, 0x0000000705200000| Untracked 
|  22|0x0000000705200000, 0x0000000705400000, 0x0000000705400000|100%| O|  |TAMS 0x0000000705400000, 0x0000000705400000| Untracked 
|  23|0x0000000705400000, 0x0000000705600000, 0x0000000705600000|100%| O|  |TAMS 0x0000000705600000, 0x0000000705600000| Untracked 
|  24|0x0000000705600000, 0x0000000705800000, 0x0000000705800000|100%| O|  |TAMS 0x0000000705800000, 0x0000000705800000| Untracked 
|  25|0x0000000705800000, 0x0000000705a00000, 0x0000000705a00000|100%| O|  |TAMS 0x0000000705a00000, 0x0000000705a00000| Untracked 
|  26|0x0000000705a00000, 0x0000000705c00000, 0x0000000705c00000|100%| O|  |TAMS 0x0000000705c00000, 0x0000000705c00000| Untracked 
|  27|0x0000000705c00000, 0x0000000705e00000, 0x0000000705e00000|100%| O|  |TAMS 0x0000000705e00000, 0x0000000705e00000| Untracked 
|  28|0x0000000705e00000, 0x0000000706000000, 0x0000000706000000|100%| O|  |TAMS 0x0000000706000000, 0x0000000706000000| Untracked 
|  29|0x0000000706000000, 0x0000000706000000, 0x0000000706200000|  0%| F|  |TAMS 0x0000000706000000, 0x0000000706000000| Untracked 
|  30|0x0000000706200000, 0x0000000706200000, 0x0000000706400000|  0%| F|  |TAMS 0x0000000706200000, 0x0000000706200000| Untracked 
|  31|0x0000000706400000, 0x0000000706600000, 0x0000000706600000|100%|HS|  |TAMS 0x0000000706600000, 0x0000000706600000| Complete 
|  32|0x0000000706600000, 0x0000000706800000, 0x0000000706800000|100%|HS|  |TAMS 0x0000000706800000, 0x0000000706800000| Complete 
|  33|0x0000000706800000, 0x0000000706a00000, 0x0000000706a00000|100%|HS|  |TAMS 0x0000000706a00000, 0x0000000706a00000| Complete 
|  34|0x0000000706a00000, 0x0000000706c00000, 0x0000000706c00000|100%|HS|  |TAMS 0x0000000706c00000, 0x0000000706c00000| Complete 
|  35|0x0000000706c00000, 0x0000000706e00000, 0x0000000706e00000|100%|HS|  |TAMS 0x0000000706e00000, 0x0000000706e00000| Complete 
|  36|0x0000000706e00000, 0x0000000707000000, 0x0000000707000000|100%|HS|  |TAMS 0x0000000707000000, 0x0000000707000000| Complete 
|  37|0x0000000707000000, 0x0000000707200000, 0x0000000707200000|100%|HS|  |TAMS 0x0000000707200000, 0x0000000707200000| Complete 
|  38|0x0000000707200000, 0x0000000707400000, 0x0000000707400000|100%|HS|  |TAMS 0x0000000707400000, 0x0000000707400000| Complete 
|  39|0x0000000707400000, 0x0000000707600000, 0x0000000707600000|100%|HS|  |TAMS 0x0000000707600000, 0x0000000707600000| Complete 
|  40|0x0000000707600000, 0x0000000707800000, 0x0000000707800000|100%|HS|  |TAMS 0x0000000707800000, 0x0000000707800000| Complete 
|  41|0x0000000707800000, 0x0000000707800000, 0x0000000707a00000|  0%| F|  |TAMS 0x0000000707800000, 0x0000000707800000| Untracked 
|  42|0x0000000707a00000, 0x0000000707c00000, 0x0000000707c00000|100%| O|  |TAMS 0x0000000707c00000, 0x0000000707c00000| Untracked 
|  43|0x0000000707c00000, 0x0000000707e00000, 0x0000000707e00000|100%|HS|  |TAMS 0x0000000707e00000, 0x0000000707e00000| Complete 
|  44|0x0000000707e00000, 0x0000000708000000, 0x0000000708000000|100%|HC|  |TAMS 0x0000000708000000, 0x0000000708000000| Complete 
|  45|0x0000000708000000, 0x0000000708200000, 0x0000000708200000|100%|HS|  |TAMS 0x0000000708200000, 0x0000000708200000| Complete 
|  46|0x0000000708200000, 0x0000000708400000, 0x0000000708400000|100%|HC|  |TAMS 0x0000000708400000, 0x0000000708400000| Complete 
|  47|0x0000000708400000, 0x0000000708600000, 0x0000000708600000|100%|HS|  |TAMS 0x0000000708600000, 0x0000000708600000| Complete 
|  48|0x0000000708600000, 0x0000000708800000, 0x0000000708800000|100%|HC|  |TAMS 0x0000000708800000, 0x0000000708800000| Complete 
|  49|0x0000000708800000, 0x0000000708a00000, 0x0000000708a00000|100%|HS|  |TAMS 0x0000000708a00000, 0x0000000708a00000| Complete 
|  50|0x0000000708a00000, 0x0000000708c00000, 0x0000000708c00000|100%|HC|  |TAMS 0x0000000708c00000, 0x0000000708c00000| Complete 
|  51|0x0000000708c00000, 0x0000000708e00000, 0x0000000708e00000|100%|HS|  |TAMS 0x0000000708e00000, 0x0000000708e00000| Complete 
|  52|0x0000000708e00000, 0x0000000709000000, 0x0000000709000000|100%|HC|  |TAMS 0x0000000709000000, 0x0000000709000000| Complete 
|  53|0x0000000709000000, 0x0000000709200000, 0x0000000709200000|100%|HC|  |TAMS 0x0000000709200000, 0x0000000709200000| Complete 
|  54|0x0000000709200000, 0x0000000709400000, 0x0000000709400000|100%|HC|  |TAMS 0x0000000709400000, 0x0000000709400000| Complete 
|  55|0x0000000709400000, 0x0000000709600000, 0x0000000709600000|100%|HS|  |TAMS 0x0000000709600000, 0x0000000709600000| Complete 
|  56|0x0000000709600000, 0x0000000709800000, 0x0000000709800000|100%|HC|  |TAMS 0x0000000709800000, 0x0000000709800000| Complete 
|  57|0x0000000709800000, 0x0000000709a00000, 0x0000000709a00000|100%|HS|  |TAMS 0x0000000709a00000, 0x0000000709a00000| Complete 
|  58|0x0000000709a00000, 0x0000000709c00000, 0x0000000709c00000|100%|HC|  |TAMS 0x0000000709c00000, 0x0000000709c00000| Complete 
|  59|0x0000000709c00000, 0x0000000709e00000, 0x0000000709e00000|100%|HS|  |TAMS 0x0000000709e00000, 0x0000000709e00000| Complete 
|  60|0x0000000709e00000, 0x000000070a000000, 0x000000070a000000|100%|HC|  |TAMS 0x000000070a000000, 0x000000070a000000| Complete 
|  61|0x000000070a000000, 0x000000070a200000, 0x000000070a200000|100%|HC|  |TAMS 0x000000070a200000, 0x000000070a200000| Complete 
|  62|0x000000070a200000, 0x000000070a400000, 0x000000070a400000|100%|HC|  |TAMS 0x000000070a400000, 0x000000070a400000| Complete 
|  63|0x000000070a400000, 0x000000070a600000, 0x000000070a600000|100%|HS|  |TAMS 0x000000070a600000, 0x000000070a600000| Complete 
|  64|0x000000070a600000, 0x000000070a800000, 0x000000070a800000|100%|HC|  |TAMS 0x000000070a800000, 0x000000070a800000| Complete 
|  65|0x000000070a800000, 0x000000070aa00000, 0x000000070aa00000|100%|HC|  |TAMS 0x000000070aa00000, 0x000000070aa00000| Complete 
|  66|0x000000070aa00000, 0x000000070ac00000, 0x000000070ac00000|100%|HC|  |TAMS 0x000000070ac00000, 0x000000070ac00000| Complete 
|  67|0x000000070ac00000, 0x000000070ae00000, 0x000000070ae00000|100%|HS|  |TAMS 0x000000070ae00000, 0x000000070ae00000| Complete 
|  68|0x000000070ae00000, 0x000000070b000000, 0x000000070b000000|100%|HC|  |TAMS 0x000000070b000000, 0x000000070b000000| Complete 
|  69|0x000000070b000000, 0x000000070b200000, 0x000000070b200000|100%|HC|  |TAMS 0x000000070b200000, 0x000000070b200000| Complete 
|  70|0x000000070b200000, 0x000000070b400000, 0x000000070b400000|100%|HC|  |TAMS 0x000000070b400000, 0x000000070b400000| Complete 
|  71|0x000000070b400000, 0x000000070b600000, 0x000000070b600000|100%|HS|  |TAMS 0x000000070b600000, 0x000000070b600000| Complete 
|  72|0x000000070b600000, 0x000000070b800000, 0x000000070b800000|100%|HC|  |TAMS 0x000000070b800000, 0x000000070b800000| Complete 
|  73|0x000000070b800000, 0x000000070ba00000, 0x000000070ba00000|100%|HC|  |TAMS 0x000000070ba00000, 0x000000070ba00000| Complete 
|  74|0x000000070ba00000, 0x000000070bc00000, 0x000000070bc00000|100%|HC|  |TAMS 0x000000070bc00000, 0x000000070bc00000| Complete 
|  75|0x000000070bc00000, 0x000000070be00000, 0x000000070be00000|100%|HS|  |TAMS 0x000000070be00000, 0x000000070be00000| Complete 
|  76|0x000000070be00000, 0x000000070c000000, 0x000000070c000000|100%|HC|  |TAMS 0x000000070c000000, 0x000000070c000000| Complete 
|  77|0x000000070c000000, 0x000000070c200000, 0x000000070c200000|100%|HC|  |TAMS 0x000000070c200000, 0x000000070c200000| Complete 
|  78|0x000000070c200000, 0x000000070c400000, 0x000000070c400000|100%|HC|  |TAMS 0x000000070c400000, 0x000000070c400000| Complete 
|  79|0x000000070c400000, 0x000000070c600000, 0x000000070c600000|100%|HS|  |TAMS 0x000000070c600000, 0x000000070c600000| Complete 
|  80|0x000000070c600000, 0x000000070c800000, 0x000000070c800000|100%|HC|  |TAMS 0x000000070c800000, 0x000000070c800000| Complete 
|  81|0x000000070c800000, 0x000000070ca00000, 0x000000070ca00000|100%|HC|  |TAMS 0x000000070ca00000, 0x000000070ca00000| Complete 
|  82|0x000000070ca00000, 0x000000070cc00000, 0x000000070cc00000|100%|HC|  |TAMS 0x000000070cc00000, 0x000000070cc00000| Complete 
|  83|0x000000070cc00000, 0x000000070ce00000, 0x000000070ce00000|100%|HC|  |TAMS 0x000000070ce00000, 0x000000070ce00000| Complete 
|  84|0x000000070ce00000, 0x000000070d000000, 0x000000070d000000|100%|HC|  |TAMS 0x000000070d000000, 0x000000070d000000| Complete 
|  85|0x000000070d000000, 0x000000070d200000, 0x000000070d200000|100%|HC|  |TAMS 0x000000070d200000, 0x000000070d200000| Complete 
|  86|0x000000070d200000, 0x000000070d400000, 0x000000070d400000|100%| O|  |TAMS 0x000000070d400000, 0x000000070d400000| Untracked 
|  87|0x000000070d400000, 0x000000070d600000, 0x000000070d600000|100%| O|  |TAMS 0x000000070d600000, 0x000000070d600000| Untracked 
|  88|0x000000070d600000, 0x000000070d600000, 0x000000070d800000|  0%| F|  |TAMS 0x000000070d600000, 0x000000070d600000| Untracked 
|  89|0x000000070d800000, 0x000000070d800000, 0x000000070da00000|  0%| F|  |TAMS 0x000000070d800000, 0x000000070d800000| Untracked 
|  90|0x000000070da00000, 0x000000070da00000, 0x000000070dc00000|  0%| F|  |TAMS 0x000000070da00000, 0x000000070da00000| Untracked 
|  91|0x000000070dc00000, 0x000000070dd1f000, 0x000000070de00000| 56%| O|  |TAMS 0x000000070dc3d600, 0x000000070dd1f000| Untracked 
|  92|0x000000070de00000, 0x000000070e000000, 0x000000070e000000|100%|HS|  |TAMS 0x000000070de00000, 0x000000070e000000| Complete 
|  93|0x000000070e000000, 0x000000070e200000, 0x000000070e200000|100%|HC|  |TAMS 0x000000070e000000, 0x000000070e200000| Complete 
|  94|0x000000070e200000, 0x000000070e400000, 0x000000070e400000|100%|HC|  |TAMS 0x000000070e200000, 0x000000070e400000| Complete 
|  95|0x000000070e400000, 0x000000070e600000, 0x000000070e600000|100%|HC|  |TAMS 0x000000070e400000, 0x000000070e600000| Complete 
|  96|0x000000070e600000, 0x000000070e800000, 0x000000070e800000|100%|HC|  |TAMS 0x000000070e600000, 0x000000070e800000| Complete 
|  97|0x000000070e800000, 0x000000070ea00000, 0x000000070ea00000|100%|HC|  |TAMS 0x000000070e800000, 0x000000070ea00000| Complete 
|  98|0x000000070ea00000, 0x000000070ec00000, 0x000000070ec00000|100%|HC|  |TAMS 0x000000070ea00000, 0x000000070ec00000| Complete 
|  99|0x000000070ec00000, 0x000000070ee00000, 0x000000070ee00000|100%|HS|  |TAMS 0x000000070ec00000, 0x000000070ee00000| Complete 
| 100|0x000000070ee00000, 0x000000070f000000, 0x000000070f000000|100%|HC|  |TAMS 0x000000070ee00000, 0x000000070f000000| Complete 
| 101|0x000000070f000000, 0x000000070f200000, 0x000000070f200000|100%|HC|  |TAMS 0x000000070f000000, 0x000000070f200000| Complete 
| 102|0x000000070f200000, 0x000000070f400000, 0x000000070f400000|100%|HC|  |TAMS 0x000000070f200000, 0x000000070f400000| Complete 
| 103|0x000000070f400000, 0x000000070f600000, 0x000000070f600000|100%|HC|  |TAMS 0x000000070f400000, 0x000000070f600000| Complete 
| 104|0x000000070f600000, 0x000000070f800000, 0x000000070f800000|100%|HC|  |TAMS 0x000000070f600000, 0x000000070f800000| Complete 
| 105|0x000000070f800000, 0x000000070fa00000, 0x000000070fa00000|100%|HC|  |TAMS 0x000000070f800000, 0x000000070fa00000| Complete 
| 106|0x000000070fa00000, 0x000000070fc00000, 0x000000070fc00000|100%|HS|  |TAMS 0x000000070fa00000, 0x000000070fc00000| Complete 
| 107|0x000000070fc00000, 0x000000070fe00000, 0x000000070fe00000|100%|HC|  |TAMS 0x000000070fc00000, 0x000000070fe00000| Complete 
| 108|0x000000070fe00000, 0x0000000710000000, 0x0000000710000000|100%|HC|  |TAMS 0x000000070fe00000, 0x0000000710000000| Complete 
| 109|0x0000000710000000, 0x0000000710200000, 0x0000000710200000|100%|HC|  |TAMS 0x0000000710000000, 0x0000000710200000| Complete 
| 110|0x0000000710200000, 0x0000000710400000, 0x0000000710400000|100%|HC|  |TAMS 0x0000000710200000, 0x0000000710400000| Complete 
| 111|0x0000000710400000, 0x0000000710600000, 0x0000000710600000|100%|HC|  |TAMS 0x0000000710400000, 0x0000000710600000| Complete 
| 112|0x0000000710600000, 0x0000000710800000, 0x0000000710800000|100%|HC|  |TAMS 0x0000000710600000, 0x0000000710800000| Complete 
| 113|0x0000000710800000, 0x0000000710a00000, 0x0000000710a00000|100%|HS|  |TAMS 0x0000000710800000, 0x0000000710a00000| Complete 
| 114|0x0000000710a00000, 0x0000000710c00000, 0x0000000710c00000|100%|HC|  |TAMS 0x0000000710a00000, 0x0000000710c00000| Complete 
| 115|0x0000000710c00000, 0x0000000710e00000, 0x0000000710e00000|100%|HC|  |TAMS 0x0000000710c00000, 0x0000000710e00000| Complete 
| 116|0x0000000710e00000, 0x0000000711000000, 0x0000000711000000|100%|HC|  |TAMS 0x0000000710e00000, 0x0000000711000000| Complete 
| 117|0x0000000711000000, 0x0000000711200000, 0x0000000711200000|100%|HC|  |TAMS 0x0000000711000000, 0x0000000711200000| Complete 
| 118|0x0000000711200000, 0x0000000711400000, 0x0000000711400000|100%|HC|  |TAMS 0x0000000711200000, 0x0000000711400000| Complete 
| 119|0x0000000711400000, 0x0000000711600000, 0x0000000711600000|100%|HC|  |TAMS 0x0000000711400000, 0x0000000711600000| Complete 
| 120|0x0000000711600000, 0x0000000711600000, 0x0000000711800000|  0%| F|  |TAMS 0x0000000711600000, 0x0000000711600000| Untracked 
| 121|0x0000000711800000, 0x0000000711800000, 0x0000000711a00000|  0%| F|  |TAMS 0x0000000711800000, 0x0000000711800000| Untracked 
| 122|0x0000000711a00000, 0x0000000711a00000, 0x0000000711c00000|  0%| F|  |TAMS 0x0000000711a00000, 0x0000000711a00000| Untracked 
| 123|0x0000000711c00000, 0x0000000711c00000, 0x0000000711e00000|  0%| F|  |TAMS 0x0000000711c00000, 0x0000000711c00000| Untracked 
| 124|0x0000000711e00000, 0x0000000711e00000, 0x0000000712000000|  0%| F|  |TAMS 0x0000000711e00000, 0x0000000711e00000| Untracked 
| 125|0x0000000712000000, 0x0000000712000000, 0x0000000712200000|  0%| F|  |TAMS 0x0000000712000000, 0x0000000712000000| Untracked 
| 126|0x0000000712200000, 0x000000071227af80, 0x0000000712400000| 24%| S|CS|TAMS 0x0000000712200000, 0x0000000712200000| Complete 
| 127|0x0000000712400000, 0x0000000712600000, 0x0000000712600000|100%| S|CS|TAMS 0x0000000712400000, 0x0000000712400000| Complete 
| 128|0x0000000712600000, 0x0000000712600000, 0x0000000712800000|  0%| F|  |TAMS 0x0000000712600000, 0x0000000712600000| Untracked 
| 129|0x0000000712800000, 0x0000000712800000, 0x0000000712a00000|  0%| F|  |TAMS 0x0000000712800000, 0x0000000712800000| Untracked 
| 130|0x0000000712a00000, 0x0000000712a00000, 0x0000000712c00000|  0%| F|  |TAMS 0x0000000712a00000, 0x0000000712a00000| Untracked 
| 131|0x0000000712c00000, 0x0000000712c00000, 0x0000000712e00000|  0%| F|  |TAMS 0x0000000712c00000, 0x0000000712c00000| Untracked 
| 132|0x0000000712e00000, 0x0000000712e00000, 0x0000000713000000|  0%| F|  |TAMS 0x0000000712e00000, 0x0000000712e00000| Untracked 
| 133|0x0000000713000000, 0x0000000713000000, 0x0000000713200000|  0%| F|  |TAMS 0x0000000713000000, 0x0000000713000000| Untracked 
| 134|0x0000000713200000, 0x0000000713200000, 0x0000000713400000|  0%| F|  |TAMS 0x0000000713200000, 0x0000000713200000| Untracked 
| 135|0x0000000713400000, 0x0000000713400000, 0x0000000713600000|  0%| F|  |TAMS 0x0000000713400000, 0x0000000713400000| Untracked 
| 136|0x0000000713600000, 0x0000000713600000, 0x0000000713800000|  0%| F|  |TAMS 0x0000000713600000, 0x0000000713600000| Untracked 
| 137|0x0000000713800000, 0x0000000713800000, 0x0000000713a00000|  0%| F|  |TAMS 0x0000000713800000, 0x0000000713800000| Untracked 
| 138|0x0000000713a00000, 0x0000000713a00000, 0x0000000713c00000|  0%| F|  |TAMS 0x0000000713a00000, 0x0000000713a00000| Untracked 
| 139|0x0000000713c00000, 0x0000000713c00000, 0x0000000713e00000|  0%| F|  |TAMS 0x0000000713c00000, 0x0000000713c00000| Untracked 
| 140|0x0000000713e00000, 0x0000000713e00000, 0x0000000714000000|  0%| F|  |TAMS 0x0000000713e00000, 0x0000000713e00000| Untracked 
| 141|0x0000000714000000, 0x0000000714000000, 0x0000000714200000|  0%| F|  |TAMS 0x0000000714000000, 0x0000000714000000| Untracked 
| 142|0x0000000714200000, 0x0000000714200000, 0x0000000714400000|  0%| F|  |TAMS 0x0000000714200000, 0x0000000714200000| Untracked 
| 143|0x0000000714400000, 0x0000000714400000, 0x0000000714600000|  0%| F|  |TAMS 0x0000000714400000, 0x0000000714400000| Untracked 
| 144|0x0000000714600000, 0x0000000714600000, 0x0000000714800000|  0%| F|  |TAMS 0x0000000714600000, 0x0000000714600000| Untracked 

Card table byte_map: [0x000001926cc10000,0x000001926d400000] _byte_map_base: 0x00000192693fd000

Marking Bits (Prev, Next): (CMBitMap*) 0x0000019259cae0f0, (CMBitMap*) 0x0000019259cae130
 Prev Bits: [0x000001926dbf0000, 0x0000019271b58000)
 Next Bits: [0x0000019271b60000, 0x0000019275ac8000)

Polling page: 0x0000019257af0000

Metaspace:

Usage:
  Non-class:     35.41 MB used.
      Class:      4.04 MB used.
       Both:     39.45 MB used.

Virtual space:
  Non-class space:       40.00 MB reserved,      35.62 MB ( 89%) committed,  5 nodes.
      Class space:        1.00 GB reserved,       4.25 MB ( <1%) committed,  1 nodes.
             Both:        1.04 GB reserved,      39.88 MB (  4%) committed. 

Chunk freelists:
   Non-Class:  4.42 MB
       Class:  3.81 MB
        Both:  8.24 MB

MaxMetaspaceSize: unlimited
CompressedClassSpaceSize: 1.00 GB
Initial GC threshold: 21.00 MB
Current GC threshold: 67.50 MB
CDS: off
MetaspaceReclaimPolicy: balanced
 - commit_granule_bytes: 65536.
 - commit_granule_words: 8192.
 - virtual_space_node_default_size: 1048576.
 - enlarge_chunks_in_place: 1.
 - new_chunks_are_fully_committed: 0.
 - uncommit_free_chunks: 1.
 - use_allocation_guard: 0.
 - handle_deallocations: 1.


Internal statistics:

num_allocs_failed_limit: 6.
num_arena_births: 296.
num_arena_deaths: 10.
num_vsnodes_births: 6.
num_vsnodes_deaths: 0.
num_space_committed: 653.
num_space_uncommitted: 15.
num_chunks_returned_to_freelist: 96.
num_chunks_taken_from_freelist: 1573.
num_chunk_merges: 25.
num_chunk_splits: 1044.
num_chunks_enlarged: 786.
num_purges: 2.
num_inconsistent_stats: 0.

CodeHeap 'non-profiled nmethods': size=120000Kb used=4079Kb max_used=4692Kb free=115921Kb
 bounds [0x0000019264de0000, 0x0000019265280000, 0x000001926c310000]
CodeHeap 'profiled nmethods': size=120000Kb used=15650Kb max_used=17699Kb free=104349Kb
 bounds [0x000001925d8b0000, 0x000001925ea00000, 0x0000019264de0000]
CodeHeap 'non-nmethods': size=5760Kb used=1246Kb max_used=1314Kb free=4513Kb
 bounds [0x000001925d310000, 0x000001925d580000, 0x000001925d8b0000]
 total_blobs=8227 nmethods=7666 adapters=473
 compilation: enabled
              stopped_count=0, restarted_count=0
 full_count=0

Compilation events (20 events):
Event: 7.722 Thread 0x0000019278c77790 9563       3       org.eclipse.sisu.plexus.LazyPlexusBean::getValue (10 bytes)
Event: 7.722 Thread 0x0000019278c77790 nmethod 9563 0x000001925d8c5a90 code [0x000001925d8c5c40, 0x000001925d8c5ec8]
Event: 7.722 Thread 0x0000019278c77790 9564       3       org.eclipse.sisu.plexus.DefaultPlexusBeans$Itr::next (5 bytes)
Event: 7.722 Thread 0x0000019278c77790 nmethod 9564 0x000001925d9cc390 code [0x000001925d9cc560, 0x000001925d9cca48]
Event: 7.722 Thread 0x0000019278c77790 9565       3       org.eclipse.sisu.plexus.DefaultPlexusBeans$Itr::next (20 bytes)
Event: 7.723 Thread 0x0000019278c77790 nmethod 9565 0x000001925dc5b710 code [0x000001925dc5b8e0, 0x000001925dc5bd48]
Event: 7.723 Thread 0x0000019278c77790 9566       3       java.lang.reflect.Modifier::isVolatile (13 bytes)
Event: 7.723 Thread 0x0000019278c77790 nmethod 9566 0x000001925d98b710 code [0x000001925d98b8a0, 0x000001925d98b9f8]
Event: 7.723 Thread 0x0000019278c77790 9567       3       org.codehaus.plexus.configuration.DefaultPlexusConfiguration::getChildCount (10 bytes)
Event: 7.723 Thread 0x0000019278c77790 nmethod 9567 0x000001925d9bac90 code [0x000001925d9bae40, 0x000001925d9bb028]
Event: 7.723 Thread 0x0000019278c77790 9568       3       java.lang.reflect.Field::acquireFieldAccessor (59 bytes)
Event: 7.723 Thread 0x0000019278c77790 nmethod 9568 0x000001925d9b3b10 code [0x000001925d9b3d00, 0x000001925d9b4338]
Event: 7.728 Thread 0x0000019278c77790 9569       1       org.springframework.boot.maven.DependencyFilter::getFilters (5 bytes)
Event: 7.728 Thread 0x0000019278c77790 nmethod 9569 0x00000192651bbd10 code [0x00000192651bbea0, 0x00000192651bbf78]
Event: 7.728 Thread 0x0000019278c77790 9570       1       org.springframework.boot.maven.FilterableDependency::getGroupId (5 bytes)
Event: 7.728 Thread 0x0000019278c77790 nmethod 9570 0x00000192650af310 code [0x00000192650af4a0, 0x00000192650af578]
Event: 7.729 Thread 0x0000019278c77790 9571   !   3       java.util.jar.JarFile::getBytes (169 bytes)
Event: 7.729 Thread 0x0000019278c77790 nmethod 9571 0x000001925e123d90 code [0x000001925e1240a0, 0x000001925e125058]
Event: 7.737 Thread 0x0000019278c77790 9572       3       java.util.jar.Manifest::read (415 bytes)
Event: 7.738 Thread 0x0000019278c77790 nmethod 9572 0x000001925dfbfb90 code [0x000001925dfc00a0, 0x000001925dfc2918]

GC Heap History (20 events):
Event: 3.900 GC heap after
{Heap after GC invocations=12 (full 0):
 garbage-first heap   total 190464K, used 65284K [0x0000000702600000, 0x0000000800000000)
  region size 2048K, 1 young (2048K), 1 survivors (2048K)
 Metaspace       used 35414K, committed 35712K, reserved 1081344K
  class space    used 3639K, committed 3776K, reserved 1048576K
}
Event: 4.122 GC heap before
{Heap before GC invocations=12 (full 0):
 garbage-first heap   total 190464K, used 128772K [0x0000000702600000, 0x0000000800000000)
  region size 2048K, 33 young (67584K), 1 survivors (2048K)
 Metaspace       used 35691K, committed 35968K, reserved 1081344K
  class space    used 3654K, committed 3776K, reserved 1048576K
}
Event: 4.124 GC heap after
{Heap after GC invocations=13 (full 0):
 garbage-first heap   total 190464K, used 65142K [0x0000000702600000, 0x0000000800000000)
  region size 2048K, 1 young (2048K), 1 survivors (2048K)
 Metaspace       used 35691K, committed 35968K, reserved 1081344K
  class space    used 3654K, committed 3776K, reserved 1048576K
}
Event: 4.551 GC heap before
{Heap before GC invocations=14 (full 0):
 garbage-first heap   total 190464K, used 142966K [0x0000000702600000, 0x0000000800000000)
  region size 2048K, 39 young (79872K), 1 survivors (2048K)
 Metaspace       used 37443K, committed 37824K, reserved 1089536K
  class space    used 3854K, committed 4032K, reserved 1048576K
}
Event: 4.554 GC heap after
{Heap after GC invocations=15 (full 0):
 garbage-first heap   total 190464K, used 66732K [0x0000000702600000, 0x0000000800000000)
  region size 2048K, 2 young (4096K), 2 survivors (4096K)
 Metaspace       used 37443K, committed 37824K, reserved 1089536K
  class space    used 3854K, committed 4032K, reserved 1048576K
}
Event: 5.926 GC heap before
{Heap before GC invocations=15 (full 0):
 garbage-first heap   total 190464K, used 144556K [0x0000000702600000, 0x0000000800000000)
  region size 2048K, 40 young (81920K), 2 survivors (4096K)
 Metaspace       used 40369K, committed 40832K, reserved 1089536K
  class space    used 4168K, committed 4352K, reserved 1048576K
}
Event: 5.931 GC heap after
{Heap after GC invocations=16 (full 0):
 garbage-first heap   total 190464K, used 71359K [0x0000000702600000, 0x0000000800000000)
  region size 2048K, 4 young (8192K), 4 survivors (8192K)
 Metaspace       used 40369K, committed 40832K, reserved 1089536K
  class space    used 4168K, committed 4352K, reserved 1048576K
}
Event: 6.330 GC heap before
{Heap before GC invocations=16 (full 0):
 garbage-first heap   total 190464K, used 104127K [0x0000000702600000, 0x0000000800000000)
  region size 2048K, 11 young (22528K), 4 survivors (8192K)
 Metaspace       used 41035K, committed 41472K, reserved 1089536K
  class space    used 4232K, committed 4416K, reserved 1048576K
}
Event: 6.334 GC heap after
{Heap after GC invocations=17 (full 0):
 garbage-first heap   total 190464K, used 92547K [0x0000000702600000, 0x0000000800000000)
  region size 2048K, 3 young (6144K), 3 survivors (6144K)
 Metaspace       used 41035K, committed 41472K, reserved 1089536K
  class space    used 4232K, committed 4416K, reserved 1048576K
}
Event: 7.173 GC heap before
{Heap before GC invocations=18 (full 0):
 garbage-first heap   total 190464K, used 168323K [0x0000000702600000, 0x0000000800000000)
  region size 2048K, 5 young (10240K), 3 survivors (6144K)
 Metaspace       used 41245K, committed 41664K, reserved 1089536K
  class space    used 4252K, committed 4416K, reserved 1048576K
}
Event: 7.175 GC heap after
{Heap after GC invocations=19 (full 0):
 garbage-first heap   total 190464K, used 165844K [0x0000000702600000, 0x0000000800000000)
  region size 2048K, 3 young (6144K), 3 survivors (6144K)
 Metaspace       used 41245K, committed 41664K, reserved 1089536K
  class space    used 4252K, committed 4416K, reserved 1048576K
}
Event: 7.176 GC heap before
{Heap before GC invocations=19 (full 0):
 garbage-first heap   total 190464K, used 180180K [0x0000000702600000, 0x0000000800000000)
  region size 2048K, 3 young (6144K), 3 survivors (6144K)
 Metaspace       used 41245K, committed 41664K, reserved 1089536K
  class space    used 4252K, committed 4416K, reserved 1048576K
}
Event: 7.179 GC heap after
{Heap after GC invocations=20 (full 0):
 garbage-first heap   total 190464K, used 173213K [0x0000000702600000, 0x0000000800000000)
  region size 2048K, 1 young (2048K), 1 survivors (2048K)
 Metaspace       used 41245K, committed 41664K, reserved 1089536K
  class space    used 4252K, committed 4416K, reserved 1048576K
}
Event: 7.185 GC heap before
{Heap before GC invocations=20 (full 0):
 garbage-first heap   total 190464K, used 173213K [0x0000000702600000, 0x0000000800000000)
  region size 2048K, 2 young (4096K), 1 survivors (2048K)
 Metaspace       used 41245K, committed 41664K, reserved 1089536K
  class space    used 4252K, committed 4416K, reserved 1048576K
}
Event: 7.185 GC heap after
{Heap after GC invocations=21 (full 0):
 garbage-first heap   total 190464K, used 172440K [0x0000000702600000, 0x0000000800000000)
  region size 2048K, 1 young (2048K), 1 survivors (2048K)
 Metaspace       used 41245K, committed 41664K, reserved 1089536K
  class space    used 4252K, committed 4416K, reserved 1048576K
}
Event: 7.592 GC heap before
{Heap before GC invocations=22 (full 0):
 garbage-first heap   total 296960K, used 235928K [0x0000000702600000, 0x0000000800000000)
  region size 2048K, 4 young (8192K), 1 survivors (2048K)
 Metaspace       used 39683K, committed 40768K, reserved 1089536K
  class space    used 4056K, committed 4352K, reserved 1048576K
}
Event: 7.593 GC heap after
{Heap after GC invocations=23 (full 0):
 garbage-first heap   total 296960K, used 230090K [0x0000000702600000, 0x0000000800000000)
  region size 2048K, 1 young (2048K), 1 survivors (2048K)
 Metaspace       used 39683K, committed 40768K, reserved 1089536K
  class space    used 4056K, committed 4352K, reserved 1048576K
}
Event: 7.623 GC heap before
{Heap before GC invocations=23 (full 0):
 garbage-first heap   total 296960K, used 242378K [0x0000000702600000, 0x0000000800000000)
  region size 2048K, 7 young (14336K), 1 survivors (2048K)
 Metaspace       used 39698K, committed 40768K, reserved 1089536K
  class space    used 4057K, committed 4352K, reserved 1048576K
}
Event: 7.625 GC heap after
{Heap after GC invocations=24 (full 0):
 garbage-first heap   total 296960K, used 225271K [0x0000000702600000, 0x0000000800000000)
  region size 2048K, 1 young (2048K), 1 survivors (2048K)
 Metaspace       used 39698K, committed 40768K, reserved 1089536K
  class space    used 4057K, committed 4352K, reserved 1048576K
}
Event: 7.739 GC heap before
{Heap before GC invocations=24 (full 0):
 garbage-first heap   total 296960K, used 255991K [0x0000000702600000, 0x0000000800000000)
  region size 2048K, 17 young (34816K), 1 survivors (2048K)
 Metaspace       used 40398K, committed 40832K, reserved 1089536K
  class space    used 4140K, committed 4352K, reserved 1048576K
}

Deoptimization events (20 events):
Event: 7.581 Thread 0x0000019259c5c970 DEOPT PACKING pc=0x0000019265247508 sp=0x00000075865fd070
Event: 7.581 Thread 0x0000019259c5c970 DEOPT UNPACKING pc=0x000001925d3623a3 sp=0x00000075865fd010 mode 2
Event: 7.582 Thread 0x0000019259c5c970 Uncommon trap: trap_request=0xfffffff4 fr.pc=0x00000192652182c4 relative=0x00000000000028c4
Event: 7.582 Thread 0x0000019259c5c970 Uncommon trap: reason=null_check action=make_not_entrant pc=0x00000192652182c4 method=org.codehaus.plexus.interpolation.reflection.ReflectionValueExtractor.getClassMap(Ljava/lang/Class;)Lorg/codehaus/plexus/interpolation/reflection/ClassMap; @ 21 c2
Event: 7.582 Thread 0x0000019259c5c970 DEOPT PACKING pc=0x00000192652182c4 sp=0x00000075865fcee0
Event: 7.582 Thread 0x0000019259c5c970 DEOPT UNPACKING pc=0x000001925d3623a3 sp=0x00000075865fcdc8 mode 2
Event: 7.583 Thread 0x0000019259c5c970 DEOPT PACKING pc=0x000001925dd4dd68 sp=0x00000075865fc290
Event: 7.583 Thread 0x0000019259c5c970 DEOPT UNPACKING pc=0x000001925d362b43 sp=0x00000075865fb730 mode 0
Event: 7.605 Thread 0x0000019259c5c970 DEOPT PACKING pc=0x000001925e39c88b sp=0x00000075865fc200
Event: 7.605 Thread 0x0000019259c5c970 DEOPT UNPACKING pc=0x000001925d362b43 sp=0x00000075865fb6e0 mode 0
Event: 7.640 Thread 0x0000019259c5c970 DEOPT PACKING pc=0x000001925e39c88b sp=0x00000075865fc9c0
Event: 7.640 Thread 0x0000019259c5c970 DEOPT UNPACKING pc=0x000001925d362b43 sp=0x00000075865fbea0 mode 0
Event: 7.647 Thread 0x0000019259c5c970 Uncommon trap: trap_request=0xffffff45 fr.pc=0x0000019265213878 relative=0x00000000000006f8
Event: 7.647 Thread 0x0000019259c5c970 Uncommon trap: reason=unstable_if action=reinterpret pc=0x0000019265213878 method=org.eclipse.aether.util.graph.transformer.ConflictResolver$State.deriveOptional(Lorg/eclipse/aether/graph/DependencyNode;Ljava/lang/Object;)Z @ 15 c2
Event: 7.647 Thread 0x0000019259c5c970 DEOPT PACKING pc=0x0000019265213878 sp=0x00000075865fd870
Event: 7.647 Thread 0x0000019259c5c970 DEOPT UNPACKING pc=0x000001925d3623a3 sp=0x00000075865fd800 mode 2
Event: 7.651 Thread 0x0000019259c5c970 DEOPT PACKING pc=0x000001925e39c88b sp=0x00000075865fd5a0
Event: 7.651 Thread 0x0000019259c5c970 DEOPT UNPACKING pc=0x000001925d362b43 sp=0x00000075865fca80 mode 0
Event: 7.654 Thread 0x0000019259c5c970 DEOPT PACKING pc=0x000001925e39cb44 sp=0x00000075865fd5a0
Event: 7.654 Thread 0x0000019259c5c970 DEOPT UNPACKING pc=0x000001925d362b43 sp=0x00000075865fca90 mode 0

Classes unloaded (20 events):
Event: 7.204 Thread 0x0000019278c1f630 Unloading class 0x0000000800386c00 'lombok/javac/apt/LombokFileObject'
Event: 7.204 Thread 0x0000019278c1f630 Unloading class 0x0000000800386a00 'lombok/javac/apt/LombokFileObjects'
Event: 7.204 Thread 0x0000019278c1f630 Unloading class 0x00000008003867c8 'lombok/javac/apt/MessagerDiagnosticsReceiver'
Event: 7.204 Thread 0x0000019278c1f630 Unloading class 0x0000000800386420 'lombok/javac/apt/InterceptingJavaFileManager'
Event: 7.204 Thread 0x0000019278c1f630 Unloading class 0x0000000800386218 'lombok/permit/dummy/Parent'
Event: 7.204 Thread 0x0000019278c1f630 Unloading class 0x0000000800386000 'lombok/core/CleanupRegistry'
Event: 7.204 Thread 0x0000019278c1f630 Unloading class 0x0000000800385ce8 'lombok/permit/Permit$Fake'
Event: 7.204 Thread 0x0000019278c1f630 Unloading class 0x0000000800385ae8 'lombok/permit/Permit'
Event: 7.204 Thread 0x0000019278c1f630 Unloading class 0x0000000800385800 'lombok/javac/apt/LombokProcessor$1'
Event: 7.204 Thread 0x0000019278c1f630 Unloading class 0x0000000800384d88 'lombok/core/DiagnosticsReceiver'
Event: 7.204 Thread 0x0000019278c1f630 Unloading class 0x0000000800384af0 'lombok/javac/apt/LombokProcessor'
Event: 7.204 Thread 0x0000019278c1f630 Unloading class 0x00000008003848c0 'lombok/core/AnnotationProcessor$EcjDescriptor'
Event: 7.204 Thread 0x0000019278c1f630 Unloading class 0x0000000800384688 'lombok/core/AnnotationProcessor$JavacDescriptor'
Event: 7.204 Thread 0x0000019278c1f630 Unloading class 0x0000000800384280 'lombok/core/AnnotationProcessor$ProcessorDescriptor'
Event: 7.204 Thread 0x0000019278c1f630 Unloading class 0x0000000800384000 'lombok/core/AnnotationProcessor'
Event: 7.204 Thread 0x0000019278c1f630 Unloading class 0x0000000800385200 'lombok/launch/AnnotationProcessorHider$ClaimingProcessor'
Event: 7.204 Thread 0x0000019278c1f630 Unloading class 0x0000000800385000 'lombok/launch/AnnotationProcessorHider$AstModificationNotifierData'
Event: 7.204 Thread 0x0000019278c1f630 Unloading class 0x000000080033c480 'lombok/launch/ShadowClassLoader'
Event: 7.204 Thread 0x0000019278c1f630 Unloading class 0x000000080033c280 'lombok/launch/Main'
Event: 7.204 Thread 0x0000019278c1f630 Unloading class 0x000000080033c000 'lombok/launch/AnnotationProcessorHider$AnnotationProcessor'

Classes redefined (0 events):
No events

Internal exceptions (20 events):
Event: 5.880 Thread 0x0000019259c5c970 Exception <a 'sun/nio/fs/WindowsException'{0x0000000709714760}> (0x0000000709714760) 
thrown [e:\jenkins\tmp\workspace\build\src\src\hotspot\share\prims\jni.cpp, line 516]
Event: 5.883 Thread 0x0000019259c5c970 Exception <a 'sun/nio/fs/WindowsException'{0x000000070971b4f8}> (0x000000070971b4f8) 
thrown [e:\jenkins\tmp\workspace\build\src\src\hotspot\share\prims\jni.cpp, line 516]
Event: 5.885 Thread 0x0000019259c5c970 Exception <a 'sun/nio/fs/WindowsException'{0x0000000709722218}> (0x0000000709722218) 
thrown [e:\jenkins\tmp\workspace\build\src\src\hotspot\share\prims\jni.cpp, line 516]
Event: 5.886 Thread 0x0000019259c5c970 Exception <a 'sun/nio/fs/WindowsException'{0x0000000709728fe8}> (0x0000000709728fe8) 
thrown [e:\jenkins\tmp\workspace\build\src\src\hotspot\share\prims\jni.cpp, line 516]
Event: 5.888 Thread 0x0000019259c5c970 Exception <a 'sun/nio/fs/WindowsException'{0x000000070972fd28}> (0x000000070972fd28) 
thrown [e:\jenkins\tmp\workspace\build\src\src\hotspot\share\prims\jni.cpp, line 516]
Event: 5.890 Thread 0x0000019259c5c970 Exception <a 'sun/nio/fs/WindowsException'{0x00000007097369b8}> (0x00000007097369b8) 
thrown [e:\jenkins\tmp\workspace\build\src\src\hotspot\share\prims\jni.cpp, line 516]
Event: 5.892 Thread 0x0000019259c5c970 Exception <a 'sun/nio/fs/WindowsException'{0x000000070973d7d8}> (0x000000070973d7d8) 
thrown [e:\jenkins\tmp\workspace\build\src\src\hotspot\share\prims\jni.cpp, line 516]
Event: 5.894 Thread 0x0000019259c5c970 Exception <a 'sun/nio/fs/WindowsException'{0x0000000709744500}> (0x0000000709744500) 
thrown [e:\jenkins\tmp\workspace\build\src\src\hotspot\share\prims\jni.cpp, line 516]
Event: 5.896 Thread 0x0000019259c5c970 Exception <a 'sun/nio/fs/WindowsException'{0x000000070974b2b0}> (0x000000070974b2b0) 
thrown [e:\jenkins\tmp\workspace\build\src\src\hotspot\share\prims\jni.cpp, line 516]
Event: 5.898 Thread 0x0000019259c5c970 Exception <a 'sun/nio/fs/WindowsException'{0x0000000709751f58}> (0x0000000709751f58) 
thrown [e:\jenkins\tmp\workspace\build\src\src\hotspot\share\prims\jni.cpp, line 516]
Event: 5.900 Thread 0x0000019259c5c970 Exception <a 'sun/nio/fs/WindowsException'{0x0000000709758c30}> (0x0000000709758c30) 
thrown [e:\jenkins\tmp\workspace\build\src\src\hotspot\share\prims\jni.cpp, line 516]
Event: 5.903 Thread 0x0000019259c5c970 Exception <a 'sun/nio/fs/WindowsException'{0x000000070975f870}> (0x000000070975f870) 
thrown [e:\jenkins\tmp\workspace\build\src\src\hotspot\share\prims\jni.cpp, line 516]
Event: 5.904 Thread 0x0000019259c5c970 Exception <a 'sun/nio/fs/WindowsException'{0x0000000709766490}> (0x0000000709766490) 
thrown [e:\jenkins\tmp\workspace\build\src\src\hotspot\share\prims\jni.cpp, line 516]
Event: 5.906 Thread 0x0000019259c5c970 Exception <a 'sun/nio/fs/WindowsException'{0x000000070976d050}> (0x000000070976d050) 
thrown [e:\jenkins\tmp\workspace\build\src\src\hotspot\share\prims\jni.cpp, line 516]
Event: 5.909 Thread 0x0000019259c5c970 Exception <a 'sun/nio/fs/WindowsException'{0x0000000709773c10}> (0x0000000709773c10) 
thrown [e:\jenkins\tmp\workspace\build\src\src\hotspot\share\prims\jni.cpp, line 516]
Event: 5.911 Thread 0x0000019259c5c970 Exception <a 'sun/nio/fs/WindowsException'{0x000000070977c330}> (0x000000070977c330) 
thrown [e:\jenkins\tmp\workspace\build\src\src\hotspot\share\prims\jni.cpp, line 516]
Event: 7.241 Thread 0x0000019278c344d0 Implicit null exception at 0x0000019265095455 to 0x0000019265095b28
Event: 7.241 Thread 0x0000019278c344d0 Implicit null exception at 0x00000192650a87e3 to 0x00000192650a89c4
Event: 7.582 Thread 0x0000019259c5c970 Implicit null exception at 0x0000019265216280 to 0x0000019265218298
Event: 7.712 Thread 0x0000019259c5c970 Exception <a 'java/lang/NoClassDefFoundError'{0x0000000712e4c8e8}: org/sonatype/aether/graph/Dependency> (0x0000000712e4c8e8) 
thrown [e:\jenkins\tmp\workspace\build\src\src\hotspot\share\classfile\systemDictionary.cpp, line 245]

VM Operations (20 events):
Event: 7.179 Executing VM operation: G1CollectForAllocation done
Event: 7.184 Executing VM operation: G1TryInitiateConcMark
Event: 7.184 Executing VM operation: G1TryInitiateConcMark done
Event: 7.185 Executing VM operation: G1CollectForAllocation
Event: 7.185 Executing VM operation: G1CollectForAllocation done
Event: 7.201 Executing VM operation: G1Concurrent
Event: 7.225 Executing VM operation: G1Concurrent done
Event: 7.237 Executing VM operation: HandshakeAllThreads
Event: 7.237 Executing VM operation: HandshakeAllThreads done
Event: 7.239 Executing VM operation: G1Concurrent
Event: 7.240 Executing VM operation: G1Concurrent done
Event: 7.261 Executing VM operation: HandshakeAllThreads
Event: 7.261 Executing VM operation: HandshakeAllThreads done
Event: 7.592 Executing VM operation: G1CollectForAllocation
Event: 7.594 Executing VM operation: G1CollectForAllocation done
Event: 7.623 Executing VM operation: G1CollectForAllocation
Event: 7.625 Executing VM operation: G1CollectForAllocation done
Event: 7.700 Executing VM operation: HandshakeAllThreads
Event: 7.700 Executing VM operation: HandshakeAllThreads done
Event: 7.739 Executing VM operation: G1CollectForAllocation

Events (20 events):
Event: 7.710 Thread 0x0000019278c7a5a0 flushing nmethod 0x000001925e8b6b90
Event: 7.710 Thread 0x0000019278c7a5a0 flushing nmethod 0x000001925e8c2a90
Event: 7.710 Thread 0x0000019278c7a5a0 flushing nmethod 0x000001925e8cb990
Event: 7.710 Thread 0x0000019278c7a5a0 flushing nmethod 0x000001925e8ce290
Event: 7.710 Thread 0x0000019278c7a5a0 flushing nmethod 0x000001925e8d1d10
Event: 7.710 Thread 0x0000019278c7a5a0 flushing nmethod 0x000001925e8fa390
Event: 7.710 Thread 0x0000019278c7a5a0 flushing nmethod 0x000001925e924c90
Event: 7.710 Thread 0x0000019278c7a5a0 flushing nmethod 0x000001925e94fd10
Event: 7.710 Thread 0x0000019278c7a5a0 flushing nmethod 0x000001925e952410
Event: 7.710 Thread 0x0000019278c7a5a0 flushing nmethod 0x000001925e956390
Event: 7.710 Thread 0x0000019278c7a5a0 flushing nmethod 0x000001925e95de10
Event: 7.710 Thread 0x0000019278c7a5a0 flushing nmethod 0x000001925e963510
Event: 7.710 Thread 0x0000019278c7a5a0 flushing nmethod 0x000001925e99dc10
Event: 7.710 Thread 0x0000019278c7a5a0 flushing nmethod 0x000001925e9d0510
Event: 7.710 Thread 0x0000019278c7a5a0 flushing nmethod 0x000001925e9d6e90
Event: 7.710 Thread 0x0000019278c7a5a0 flushing nmethod 0x000001925e9d7510
Event: 7.710 Thread 0x0000019278c7a5a0 flushing nmethod 0x000001925e9d7a90
Event: 7.710 Thread 0x0000019278c7a5a0 flushing nmethod 0x000001925e9d7e10
Event: 7.710 Thread 0x0000019278c7a5a0 flushing nmethod 0x000001925e9dc990
Event: 7.710 Thread 0x0000019278c7a5a0 flushing nmethod 0x000001925e9dd090


Dynamic libraries:
0x00007ff607630000 - 0x00007ff60763e000 	C:\Users\gabri\.p2\pool\plugins\org.eclipse.justj.openjdk.hotspot.jre.full.win32.x86_64_17.0.0.v20211012-1059\jre\bin\javaw.exe
0x00007ffc04ef0000 - 0x00007ffc050e5000 	C:\WINDOWS\SYSTEM32\ntdll.dll
0x00007ffc03d70000 - 0x00007ffc03e2e000 	C:\WINDOWS\System32\KERNEL32.DLL
0x00007ffc026f0000 - 0x00007ffc029b8000 	C:\WINDOWS\System32\KERNELBASE.dll
0x00007ffc02d60000 - 0x00007ffc02e60000 	C:\WINDOWS\System32\ucrtbase.dll
0x00007ffbfc9e0000 - 0x00007ffbfc9f8000 	C:\Users\gabri\.p2\pool\plugins\org.eclipse.justj.openjdk.hotspot.jre.full.win32.x86_64_17.0.0.v20211012-1059\jre\bin\jli.dll
0x00007ffbfc540000 - 0x00007ffbfc559000 	C:\Users\gabri\.p2\pool\plugins\org.eclipse.justj.openjdk.hotspot.jre.full.win32.x86_64_17.0.0.v20211012-1059\jre\bin\VCRUNTIME140.dll
0x00007ffc039b0000 - 0x00007ffc03b51000 	C:\WINDOWS\System32\USER32.dll
0x00007ffc02f10000 - 0x00007ffc02f32000 	C:\WINDOWS\System32\win32u.dll
0x00007ffc03b90000 - 0x00007ffc03bbb000 	C:\WINDOWS\System32\GDI32.dll
0x00007ffc02b50000 - 0x00007ffc02c5b000 	C:\WINDOWS\System32\gdi32full.dll
0x00007ffc02c60000 - 0x00007ffc02cfd000 	C:\WINDOWS\System32\msvcp_win.dll
0x00007ffbead70000 - 0x00007ffbeb00a000 	C:\WINDOWS\WinSxS\amd64_microsoft.windows.common-controls_6595b64144ccf1df_6.0.19041.1110_none_60b5254171f9507e\COMCTL32.dll
0x00007ffc03e50000 - 0x00007ffc03eee000 	C:\WINDOWS\System32\msvcrt.dll
0x00007ffc03b60000 - 0x00007ffc03b90000 	C:\WINDOWS\System32\IMM32.DLL
0x00007ffbfdab0000 - 0x00007ffbfdabc000 	C:\Users\gabri\.p2\pool\plugins\org.eclipse.justj.openjdk.hotspot.jre.full.win32.x86_64_17.0.0.v20211012-1059\jre\bin\vcruntime140_1.dll
0x00007ffbe1800000 - 0x00007ffbe1891000 	C:\Users\gabri\.p2\pool\plugins\org.eclipse.justj.openjdk.hotspot.jre.full.win32.x86_64_17.0.0.v20211012-1059\jre\bin\msvcp140.dll
0x00007ffba8d80000 - 0x00007ffba99c6000 	C:\Users\gabri\.p2\pool\plugins\org.eclipse.justj.openjdk.hotspot.jre.full.win32.x86_64_17.0.0.v20211012-1059\jre\bin\server\jvm.dll
0x00007ffc033d0000 - 0x00007ffc0347c000 	C:\WINDOWS\System32\ADVAPI32.dll
0x00007ffc04480000 - 0x00007ffc0451b000 	C:\WINDOWS\System32\sechost.dll
0x00007ffc032a0000 - 0x00007ffc033ca000 	C:\WINDOWS\System32\RPCRT4.dll
0x00007ffc03d60000 - 0x00007ffc03d68000 	C:\WINDOWS\System32\PSAPI.DLL
0x00007ffbf9fb0000 - 0x00007ffbf9fd7000 	C:\WINDOWS\SYSTEM32\WINMM.dll
0x00007ffbfe240000 - 0x00007ffbfe249000 	C:\WINDOWS\SYSTEM32\WSOCK32.dll
0x00007ffbfbbf0000 - 0x00007ffbfbbfa000 	C:\WINDOWS\SYSTEM32\VERSION.dll
0x00007ffc03cf0000 - 0x00007ffc03d5b000 	C:\WINDOWS\System32\WS2_32.dll
0x00007ffc00450000 - 0x00007ffc00462000 	C:\WINDOWS\SYSTEM32\kernel.appcore.dll
0x00007ffbfdd70000 - 0x00007ffbfdd7a000 	C:\Users\gabri\.p2\pool\plugins\org.eclipse.justj.openjdk.hotspot.jre.full.win32.x86_64_17.0.0.v20211012-1059\jre\bin\jimage.dll
0x00007ffbef320000 - 0x00007ffbef504000 	C:\WINDOWS\SYSTEM32\DBGHELP.DLL
0x00007ffbee400000 - 0x00007ffbee42c000 	C:\WINDOWS\SYSTEM32\dbgcore.DLL
0x00007ffc02610000 - 0x00007ffc02693000 	C:\WINDOWS\System32\bcryptPrimitives.dll
0x00007ffbfc810000 - 0x00007ffbfc835000 	C:\Users\gabri\.p2\pool\plugins\org.eclipse.justj.openjdk.hotspot.jre.full.win32.x86_64_17.0.0.v20211012-1059\jre\bin\java.dll
0x00007ffbfc700000 - 0x00007ffbfc718000 	C:\Users\gabri\.p2\pool\plugins\org.eclipse.justj.openjdk.hotspot.jre.full.win32.x86_64_17.0.0.v20211012-1059\jre\bin\zip.dll
0x00007ffc04710000 - 0x00007ffc04e4f000 	C:\WINDOWS\System32\SHELL32.dll
0x00007ffc00730000 - 0x00007ffc00ec0000 	C:\WINDOWS\SYSTEM32\windows.storage.dll
0x00007ffc02f40000 - 0x00007ffc03295000 	C:\WINDOWS\System32\combase.dll
0x00007ffc01f90000 - 0x00007ffc01fbe000 	C:\WINDOWS\SYSTEM32\Wldp.dll
0x00007ffc03f50000 - 0x00007ffc03ffd000 	C:\WINDOWS\System32\SHCORE.dll
0x00007ffc04e50000 - 0x00007ffc04ea5000 	C:\WINDOWS\System32\shlwapi.dll
0x00007ffc02550000 - 0x00007ffc0256f000 	C:\WINDOWS\SYSTEM32\profapi.dll
0x00007ffbfc6e0000 - 0x00007ffbfc6f9000 	C:\Users\gabri\.p2\pool\plugins\org.eclipse.justj.openjdk.hotspot.jre.full.win32.x86_64_17.0.0.v20211012-1059\jre\bin\net.dll
0x00007ffbf8780000 - 0x00007ffbf888c000 	C:\WINDOWS\SYSTEM32\WINHTTP.dll
0x00007ffc01cf0000 - 0x00007ffc01d5a000 	C:\WINDOWS\system32\mswsock.dll
0x00007ffbfc560000 - 0x00007ffbfc575000 	C:\Users\gabri\.p2\pool\plugins\org.eclipse.justj.openjdk.hotspot.jre.full.win32.x86_64_17.0.0.v20211012-1059\jre\bin\nio.dll
0x00007ffbfda70000 - 0x00007ffbfda80000 	C:\Users\gabri\.p2\pool\plugins\org.eclipse.justj.openjdk.hotspot.jre.full.win32.x86_64_17.0.0.v20211012-1059\jre\bin\verify.dll
0x00007ffc01ee0000 - 0x00007ffc01ef8000 	C:\WINDOWS\SYSTEM32\CRYPTSP.dll
0x00007ffc01670000 - 0x00007ffc016a4000 	C:\WINDOWS\system32\rsaenh.dll
0x00007ffc02b20000 - 0x00007ffc02b47000 	C:\WINDOWS\System32\bcrypt.dll
0x00007ffc024d0000 - 0x00007ffc024fe000 	C:\WINDOWS\SYSTEM32\USERENV.dll
0x00007ffc01f00000 - 0x00007ffc01f0c000 	C:\WINDOWS\SYSTEM32\CRYPTBASE.dll
0x00007ffc019e0000 - 0x00007ffc01a1b000 	C:\WINDOWS\SYSTEM32\IPHLPAPI.DLL
0x00007ffc039a0000 - 0x00007ffc039a8000 	C:\WINDOWS\System32\NSI.dll
0x00007ffbfa9d0000 - 0x00007ffbfa9e7000 	C:\WINDOWS\SYSTEM32\dhcpcsvc6.DLL
0x00007ffbfa9b0000 - 0x00007ffbfa9cd000 	C:\WINDOWS\SYSTEM32\dhcpcsvc.DLL
0x00007ffc01a20000 - 0x00007ffc01aeb000 	C:\WINDOWS\SYSTEM32\DNSAPI.dll
0x00007ffbfdc10000 - 0x00007ffbfdc1a000 	C:\Users\gabri\AppData\Local\Temp\jansi-1.17.1-4455854760389369375.dll
0x00007ffbfdc00000 - 0x00007ffbfdc0a000 	C:\Users\gabri\AppData\Local\Temp\jansi-1.17.1-7504312358433487242.dll
0x00007ffc01300000 - 0x00007ffc01333000 	C:\WINDOWS\SYSTEM32\ntmarta.dll

dbghelp: loaded successfully - version: 4.0.5 - missing functions: none
symbol engine: initialized successfully - sym options: 0x614 - pdb path: .;C:\Users\gabri\.p2\pool\plugins\org.eclipse.justj.openjdk.hotspot.jre.full.win32.x86_64_17.0.0.v20211012-1059\jre\bin;C:\WINDOWS\SYSTEM32;C:\WINDOWS\WinSxS\amd64_microsoft.windows.common-controls_6595b64144ccf1df_6.0.19041.1110_none_60b5254171f9507e;C:\Users\gabri\.p2\pool\plugins\org.eclipse.justj.openjdk.hotspot.jre.full.win32.x86_64_17.0.0.v20211012-1059\jre\bin\server;C:\Users\gabri\AppData\Local\Temp

VM Arguments:
jvm_args: -Dmaven.home=EMBEDDED -Dclassworlds.conf=E:\Documents (D)\eclipse-workspace\.metadata\.plugins\org.eclipse.m2e.launching\launches\m2conf14495017150019221332.tmp -Dmaven.multiModuleProjectDirectory=E:\Documents (D)\eclipse-workspace\pni3 -Dfile.encoding=Cp1252 -XX:+ShowCodeDetailsInExceptionMessages 
java_command: org.codehaus.plexus.classworlds.launcher.Launcher -B clean package
java_class_path (initial): C:\Users\gabri\.p2\pool\plugins\org.eclipse.m2e.maven.runtime_1.18.0.20210618-2246\jars\plexus-classworlds-2.6.0.jar
Launcher Type: SUN_STANDARD

[Global flags]
     intx CICompilerCount                          = 3                                         {product} {ergonomic}
     uint ConcGCThreads                            = 2                                         {product} {ergonomic}
     uint G1ConcRefinementThreads                  = 6                                         {product} {ergonomic}
   size_t G1HeapRegionSize                         = 2097152                                   {product} {ergonomic}
    uintx GCDrainStackTargetSize                   = 64                                        {product} {ergonomic}
   size_t InitialHeapSize                          = 266338304                                 {product} {ergonomic}
   size_t MarkStackSize                            = 4194304                                   {product} {ergonomic}
   size_t MaxHeapSize                              = 4255121408                                {product} {ergonomic}
   size_t MaxNewSize                               = 2552233984                                {product} {ergonomic}
   size_t MinHeapDeltaBytes                        = 2097152                                   {product} {ergonomic}
   size_t MinHeapSize                              = 8388608                                   {product} {ergonomic}
    uintx NonNMethodCodeHeapSize                   = 5832780                                {pd product} {ergonomic}
    uintx NonProfiledCodeHeapSize                  = 122912730                              {pd product} {ergonomic}
    uintx ProfiledCodeHeapSize                     = 122912730                              {pd product} {ergonomic}
    uintx ReservedCodeCacheSize                    = 251658240                              {pd product} {ergonomic}
     bool SegmentedCodeCache                       = true                                      {product} {ergonomic}
     bool ShowCodeDetailsInExceptionMessages       = true                                   {manageable} {command line}
   size_t SoftMaxHeapSize                          = 4255121408                             {manageable} {ergonomic}
     bool UseCompressedClassPointers               = true                           {product lp64_product} {ergonomic}
     bool UseCompressedOops                        = true                           {product lp64_product} {ergonomic}
     bool UseG1GC                                  = true                                      {product} {ergonomic}
     bool UseLargePagesIndividualAllocation        = false                                  {pd product} {ergonomic}

Logging:
Log output configuration:
 #0: stdout all=warning uptime,level,tags
 #1: stderr all=off uptime,level,tags

Environment Variables:
JAVA_HOME=C:\Program Files\Java\jdk1.8.0_301
CLASSPATH=C:\Program Files\Java\jdk1.8.0_301
PATH=C:/Users/gabri/.p2/pool/plugins/org.eclipse.justj.openjdk.hotspot.jre.full.win32.x86_64_17.0.0.v20211012-1059/jre/bin/server;C:/Users/gabri/.p2/pool/plugins/org.eclipse.justj.openjdk.hotspot.jre.full.win32.x86_64_17.0.0.v20211012-1059/jre/bin;C:\Program Files\Java\jdk1.8.0_301\bin;C:\Program Files (x86)\VMware\VMware Player\bin\;C:\Program Files (x86)\Common Files\Oracle\Java\javapath;C:\WINDOWS\system32;C:\WINDOWS;C:\WINDOWS\System32\Wbem;C:\WINDOWS\System32\WindowsPowerShell\v1.0\;C:\WINDOWS\System32\OpenSSH\;C:\apache-maven-3.8.1\bin;C:\Program Files\nodejs\;C:\Program Files\MySQL\MySQL Shell 8.0\bin\;C:\Program Files\Java\jdk1.8.0_301\bin;C:\Users\gabri\AppData\Local\Microsoft\WindowsApps;C:\apache-maven-3.8.1\bin;C:\Users\gabri\AppData\Local\Programs\Microsoft VS Code\bin;C:\Users\gabri\AppData\Roaming\npm;C:\Users\gabri\eclipse\jee-2021-09\eclipse;
USERNAME=gabri
OS=Windows_NT
PROCESSOR_IDENTIFIER=Intel64 Family 6 Model 158 Stepping 13, GenuineIntel



---------------  S Y S T E M  ---------------

OS:
 Windows 10 , 64 bit Build 19041 (10.0.19041.1348)
OS uptime: 2 days 13:32 hours

CPU: total 6 (initial active 6) (6 cores per cpu, 1 threads per core) family 6 model 158 stepping 13 microcode 0xb0, cx8, cmov, fxsr, mmx, 3dnowpref, sse, sse2, sse3, ssse3, sse4.1, sse4.2, popcnt, lzcnt, tsc, tscinvbit, avx, avx2, aes, erms, clmul, bmi1, bmi2, rtm, adx, fma, vzeroupper, clflush, clflushopt

Memory: 4k page, system-wide physical 16226M (3226M free)
TotalPageFile size 21226M (AvailPageFile size 63M)
current process WorkingSet (physical memory assigned to process): 424M, peak: 426M
current process commit charge ("private bytes"): 473M, peak: 847M

vm_info: OpenJDK 64-Bit Server VM (17+35) for windows-amd64 JRE (17+35), built on Sep 14 2021 17:27:39 by "" with MS VC++ 16.7 (VS2019)

END.
