#
# There is insufficient memory for the Java Runtime Environment to continue.
# Native memory allocation (malloc) failed to allocate 32744 bytes for ChunkPool::allocate
# Possible reasons:
#   The system is out of physical RAM or swap space
#   The process is running with CompressedOops enabled, and the Java Heap may be blocking the growth of the native heap
# Possible solutions:
#   Reduce memory load on the system
#   Increase physical memory or swap space
#   Check if swap backing store is full
#   Decrease Java heap size (-Xmx/-Xms)
#   Decrease number of Java threads
#   Decrease Java thread stack sizes (-Xss)
#   Set larger code cache with -XX:ReservedCodeCacheSize=
#   JVM is running with Zero Based Compressed Oops mode in which the Java heap is
#     placed in the first 32GB address space. The Java Heap base address is the
#     maximum limit for the native heap growth. Please use -XX:HeapBaseMinAddress
#     to set the Java Heap base and to place the Java Heap above 32GB virtual address.
# This output file may be truncated or incomplete.
#
#  Out of Memory Error (arena.cpp:78), pid=3292, tid=11208
#
# JRE version: OpenJDK Runtime Environment Temurin-17+35 (17.0+35) (build 17+35)
# Java VM: OpenJDK 64-Bit Server VM Temurin-17+35 (17+35, mixed mode, tiered, compressed oops, compressed class ptrs, g1 gc, windows-amd64)
# No core dump will be written. Minidumps are not enabled by default on client versions of Windows
#

---------------  S U M M A R Y ------------

Command Line: -Dmaven.home=EMBEDDED -Dclassworlds.conf=E:\Documents (D)\eclipse-workspace\.metadata\.plugins\org.eclipse.m2e.launching\launches\m2conf248530847801663202.tmp -Dmaven.multiModuleProjectDirectory=E:\Documents (D)\eclipse-workspace\pni3 -Dfile.encoding=Cp1252 -XX:+ShowCodeDetailsInExceptionMessages org.codehaus.plexus.classworlds.launcher.Launcher -B clean package

Host: Intel(R) Core(TM) i5-9600K CPU @ 3.70GHz, 6 cores, 15G,  Windows 10 , 64 bit Build 19041 (10.0.19041.1348)
Time: Thu Nov 18 20:25:47 2021 Hora oficial do Brasil elapsed time: 0.245312 seconds (0d 0h 0m 0s)

---------------  T H R E A D  ---------------

Current thread (0x000002200a865fc0):  JavaThread "C2 CompilerThread0" daemon [_thread_in_native, id=11208, stack(0x000000ab2fa00000,0x000000ab2fb00000)]


Current CompileTask:
C2:    245  441       4       java.lang.StringLatin1::indexOf (121 bytes)

Stack: [0x000000ab2fa00000,0x000000ab2fb00000]
Native frames: (J=compiled Java code, j=interpreted, Vv=VM code, C=native code)
V  [jvm.dll+0x674afa]
V  [jvm.dll+0x82eb44]
V  [jvm.dll+0x8302ee]
V  [jvm.dll+0x830953]
V  [jvm.dll+0x245335]
V  [jvm.dll+0xab770]
V  [jvm.dll+0xababc]
V  [jvm.dll+0x11d388]
V  [jvm.dll+0x69de1b]
V  [jvm.dll+0x1bb864]
V  [jvm.dll+0x218349]
V  [jvm.dll+0x217611]
V  [jvm.dll+0x1a356d]
V  [jvm.dll+0x226ff8]
V  [jvm.dll+0x22513c]
V  [jvm.dll+0x7e47fb]
V  [jvm.dll+0x7dedba]
V  [jvm.dll+0x673925]
C  [ucrtbase.dll+0x21bb2]
C  [KERNEL32.DLL+0x17034]
C  [ntdll.dll+0x52651]


---------------  P R O C E S S  ---------------

Threads class SMR info:
_java_thread_list=0x000002200aa27c60, length=12, elements={
0x00000220690ac920, 0x000002200a84f3e0, 0x000002200a8501e0, 0x000002200a827080,
0x000002200a862f60, 0x000002200a864830, 0x000002200a8650f0, 0x000002200a865fc0,
0x000002200a866970, 0x000002200a867680, 0x000002200a9fabc0, 0x000002200aa28890
}

Java Threads: ( => current thread )
  0x00000220690ac920 JavaThread "main" [_thread_in_vm, id=11172, stack(0x000000ab2ed00000,0x000000ab2ee00000)]
  0x000002200a84f3e0 JavaThread "Reference Handler" daemon [_thread_blocked, id=17212, stack(0x000000ab2f400000,0x000000ab2f500000)]
  0x000002200a8501e0 JavaThread "Finalizer" daemon [_thread_blocked, id=15156, stack(0x000000ab2f500000,0x000000ab2f600000)]
  0x000002200a827080 JavaThread "Signal Dispatcher" daemon [_thread_blocked, id=14708, stack(0x000000ab2f600000,0x000000ab2f700000)]
  0x000002200a862f60 JavaThread "Attach Listener" daemon [_thread_blocked, id=15984, stack(0x000000ab2f700000,0x000000ab2f800000)]
  0x000002200a864830 JavaThread "Service Thread" daemon [_thread_blocked, id=11368, stack(0x000000ab2f800000,0x000000ab2f900000)]
  0x000002200a8650f0 JavaThread "Monitor Deflation Thread" daemon [_thread_blocked, id=10424, stack(0x000000ab2f900000,0x000000ab2fa00000)]
=>0x000002200a865fc0 JavaThread "C2 CompilerThread0" daemon [_thread_in_native, id=11208, stack(0x000000ab2fa00000,0x000000ab2fb00000)]
  0x000002200a866970 JavaThread "C1 CompilerThread0" daemon [_thread_blocked, id=7944, stack(0x000000ab2fb00000,0x000000ab2fc00000)]
  0x000002200a867680 JavaThread "Sweeper thread" daemon [_thread_blocked, id=14760, stack(0x000000ab2fc00000,0x000000ab2fd00000)]
  0x000002200a9fabc0 JavaThread "Notification Thread" daemon [_thread_blocked, id=16104, stack(0x000000ab2fd00000,0x000000ab2fe00000)]
  0x000002200aa28890 JavaThread "Common-Cleaner" daemon [_thread_blocked, id=17924, stack(0x000000ab2ff00000,0x000000ab30000000)]

Other Threads:
  0x000002200a839010 VMThread "VM Thread" [stack: 0x000000ab2f300000,0x000000ab2f400000] [id=16776]
  0x000002200a97b3d0 WatcherThread [stack: 0x000000ab2fe00000,0x000000ab2ff00000] [id=6160]
  0x00000220690fd9a0 GCTaskThread "GC Thread#0" [stack: 0x000000ab2ee00000,0x000000ab2ef00000] [id=16500]
  0x000002206910ed20 ConcurrentGCThread "G1 Main Marker" [stack: 0x000000ab2ef00000,0x000000ab2f000000] [id=4328]
  0x000002206910f640 ConcurrentGCThread "G1 Conc#0" [stack: 0x000000ab2f000000,0x000000ab2f100000] [id=8104]
  0x000002207f6c40e0 ConcurrentGCThread "G1 Refine#0" [stack: 0x000000ab2f100000,0x000000ab2f200000] [id=4704]
  0x000002207f6c4910 ConcurrentGCThread "G1 Service" [stack: 0x000000ab2f200000,0x000000ab2f300000] [id=17836]

Threads with active compile tasks:
C2 CompilerThread0      257  441       4       java.lang.StringLatin1::indexOf (121 bytes)

VM state: not at safepoint (normal execution)

VM Mutex/Monitor currently owned by a thread:  ([mutex/lock_event])
[0x00000220690a4a20] Metaspace_lock - owner thread: 0x00000220690ac920

Heap address: 0x0000000702600000, size: 4058 MB, Compressed Oops mode: Zero based, Oop shift amount: 3

CDS archive(s) not mapped
Compressed class space mapped at: 0x0000000800000000-0x0000000840000000, reserved size: 1073741824
Narrow klass base: 0x0000000800000000, Narrow klass shift: 0, Narrow klass range: 0x40000000

GC Precious Log:
 CPUs: 6 total, 6 available
 Memory: 16226M
 Large Page Support: Disabled
 NUMA Support: Disabled
 Compressed Oops: Enabled (Zero based)
 Heap Region Size: 2M
 Heap Min Capacity: 8M
 Heap Initial Capacity: 254M
 Heap Max Capacity: 4058M
 Pre-touch: Disabled
 Parallel Workers: 6
 Concurrent Workers: 2
 Concurrent Refinement Workers: 6
 Periodic GC: Disabled

Heap:
 garbage-first heap   total 260096K, used 6144K [0x0000000702600000, 0x0000000800000000)
  region size 2048K, 4 young (8192K), 0 survivors (0K)
 Metaspace       used 8137K, committed 8256K, reserved 1056768K
  class space    used 700K, committed 768K, reserved 1048576K

Heap Regions: E=young(eden), S=young(survivor), O=old, HS=humongous(starts), HC=humongous(continues), CS=collection set, F=free, OA=open archive, CA=closed archive, TAMS=top-at-mark-start (previous, next)
|   0|0x0000000702600000, 0x0000000702600000, 0x0000000702800000|  0%| F|  |TAMS 0x0000000702600000, 0x0000000702600000| Untracked 
|   1|0x0000000702800000, 0x0000000702800000, 0x0000000702a00000|  0%| F|  |TAMS 0x0000000702800000, 0x0000000702800000| Untracked 
|   2|0x0000000702a00000, 0x0000000702a00000, 0x0000000702c00000|  0%| F|  |TAMS 0x0000000702a00000, 0x0000000702a00000| Untracked 
|   3|0x0000000702c00000, 0x0000000702c00000, 0x0000000702e00000|  0%| F|  |TAMS 0x0000000702c00000, 0x0000000702c00000| Untracked 
|   4|0x0000000702e00000, 0x0000000702e00000, 0x0000000703000000|  0%| F|  |TAMS 0x0000000702e00000, 0x0000000702e00000| Untracked 
|   5|0x0000000703000000, 0x0000000703000000, 0x0000000703200000|  0%| F|  |TAMS 0x0000000703000000, 0x0000000703000000| Untracked 
|   6|0x0000000703200000, 0x0000000703200000, 0x0000000703400000|  0%| F|  |TAMS 0x0000000703200000, 0x0000000703200000| Untracked 
|   7|0x0000000703400000, 0x0000000703400000, 0x0000000703600000|  0%| F|  |TAMS 0x0000000703400000, 0x0000000703400000| Untracked 
|   8|0x0000000703600000, 0x0000000703600000, 0x0000000703800000|  0%| F|  |TAMS 0x0000000703600000, 0x0000000703600000| Untracked 
|   9|0x0000000703800000, 0x0000000703800000, 0x0000000703a00000|  0%| F|  |TAMS 0x0000000703800000, 0x0000000703800000| Untracked 
|  10|0x0000000703a00000, 0x0000000703a00000, 0x0000000703c00000|  0%| F|  |TAMS 0x0000000703a00000, 0x0000000703a00000| Untracked 
|  11|0x0000000703c00000, 0x0000000703c00000, 0x0000000703e00000|  0%| F|  |TAMS 0x0000000703c00000, 0x0000000703c00000| Untracked 
|  12|0x0000000703e00000, 0x0000000703e00000, 0x0000000704000000|  0%| F|  |TAMS 0x0000000703e00000, 0x0000000703e00000| Untracked 
|  13|0x0000000704000000, 0x0000000704000000, 0x0000000704200000|  0%| F|  |TAMS 0x0000000704000000, 0x0000000704000000| Untracked 
|  14|0x0000000704200000, 0x0000000704200000, 0x0000000704400000|  0%| F|  |TAMS 0x0000000704200000, 0x0000000704200000| Untracked 
|  15|0x0000000704400000, 0x0000000704400000, 0x0000000704600000|  0%| F|  |TAMS 0x0000000704400000, 0x0000000704400000| Untracked 
|  16|0x0000000704600000, 0x0000000704600000, 0x0000000704800000|  0%| F|  |TAMS 0x0000000704600000, 0x0000000704600000| Untracked 
|  17|0x0000000704800000, 0x0000000704800000, 0x0000000704a00000|  0%| F|  |TAMS 0x0000000704800000, 0x0000000704800000| Untracked 
|  18|0x0000000704a00000, 0x0000000704a00000, 0x0000000704c00000|  0%| F|  |TAMS 0x0000000704a00000, 0x0000000704a00000| Untracked 
|  19|0x0000000704c00000, 0x0000000704c00000, 0x0000000704e00000|  0%| F|  |TAMS 0x0000000704c00000, 0x0000000704c00000| Untracked 
|  20|0x0000000704e00000, 0x0000000704e00000, 0x0000000705000000|  0%| F|  |TAMS 0x0000000704e00000, 0x0000000704e00000| Untracked 
|  21|0x0000000705000000, 0x0000000705000000, 0x0000000705200000|  0%| F|  |TAMS 0x0000000705000000, 0x0000000705000000| Untracked 
|  22|0x0000000705200000, 0x0000000705200000, 0x0000000705400000|  0%| F|  |TAMS 0x0000000705200000, 0x0000000705200000| Untracked 
|  23|0x0000000705400000, 0x0000000705400000, 0x0000000705600000|  0%| F|  |TAMS 0x0000000705400000, 0x0000000705400000| Untracked 
|  24|0x0000000705600000, 0x0000000705600000, 0x0000000705800000|  0%| F|  |TAMS 0x0000000705600000, 0x0000000705600000| Untracked 
|  25|0x0000000705800000, 0x0000000705800000, 0x0000000705a00000|  0%| F|  |TAMS 0x0000000705800000, 0x0000000705800000| Untracked 
|  26|0x0000000705a00000, 0x0000000705a00000, 0x0000000705c00000|  0%| F|  |TAMS 0x0000000705a00000, 0x0000000705a00000| Untracked 
|  27|0x0000000705c00000, 0x0000000705c00000, 0x0000000705e00000|  0%| F|  |TAMS 0x0000000705c00000, 0x0000000705c00000| Untracked 
|  28|0x0000000705e00000, 0x0000000705e00000, 0x0000000706000000|  0%| F|  |TAMS 0x0000000705e00000, 0x0000000705e00000| Untracked 
|  29|0x0000000706000000, 0x0000000706000000, 0x0000000706200000|  0%| F|  |TAMS 0x0000000706000000, 0x0000000706000000| Untracked 
|  30|0x0000000706200000, 0x0000000706200000, 0x0000000706400000|  0%| F|  |TAMS 0x0000000706200000, 0x0000000706200000| Untracked 
|  31|0x0000000706400000, 0x0000000706400000, 0x0000000706600000|  0%| F|  |TAMS 0x0000000706400000, 0x0000000706400000| Untracked 
|  32|0x0000000706600000, 0x0000000706600000, 0x0000000706800000|  0%| F|  |TAMS 0x0000000706600000, 0x0000000706600000| Untracked 
|  33|0x0000000706800000, 0x0000000706800000, 0x0000000706a00000|  0%| F|  |TAMS 0x0000000706800000, 0x0000000706800000| Untracked 
|  34|0x0000000706a00000, 0x0000000706a00000, 0x0000000706c00000|  0%| F|  |TAMS 0x0000000706a00000, 0x0000000706a00000| Untracked 
|  35|0x0000000706c00000, 0x0000000706c00000, 0x0000000706e00000|  0%| F|  |TAMS 0x0000000706c00000, 0x0000000706c00000| Untracked 
|  36|0x0000000706e00000, 0x0000000706e00000, 0x0000000707000000|  0%| F|  |TAMS 0x0000000706e00000, 0x0000000706e00000| Untracked 
|  37|0x0000000707000000, 0x0000000707000000, 0x0000000707200000|  0%| F|  |TAMS 0x0000000707000000, 0x0000000707000000| Untracked 
|  38|0x0000000707200000, 0x0000000707200000, 0x0000000707400000|  0%| F|  |TAMS 0x0000000707200000, 0x0000000707200000| Untracked 
|  39|0x0000000707400000, 0x0000000707400000, 0x0000000707600000|  0%| F|  |TAMS 0x0000000707400000, 0x0000000707400000| Untracked 
|  40|0x0000000707600000, 0x0000000707600000, 0x0000000707800000|  0%| F|  |TAMS 0x0000000707600000, 0x0000000707600000| Untracked 
|  41|0x0000000707800000, 0x0000000707800000, 0x0000000707a00000|  0%| F|  |TAMS 0x0000000707800000, 0x0000000707800000| Untracked 
|  42|0x0000000707a00000, 0x0000000707a00000, 0x0000000707c00000|  0%| F|  |TAMS 0x0000000707a00000, 0x0000000707a00000| Untracked 
|  43|0x0000000707c00000, 0x0000000707c00000, 0x0000000707e00000|  0%| F|  |TAMS 0x0000000707c00000, 0x0000000707c00000| Untracked 
|  44|0x0000000707e00000, 0x0000000707e00000, 0x0000000708000000|  0%| F|  |TAMS 0x0000000707e00000, 0x0000000707e00000| Untracked 
|  45|0x0000000708000000, 0x0000000708000000, 0x0000000708200000|  0%| F|  |TAMS 0x0000000708000000, 0x0000000708000000| Untracked 
|  46|0x0000000708200000, 0x0000000708200000, 0x0000000708400000|  0%| F|  |TAMS 0x0000000708200000, 0x0000000708200000| Untracked 
|  47|0x0000000708400000, 0x0000000708400000, 0x0000000708600000|  0%| F|  |TAMS 0x0000000708400000, 0x0000000708400000| Untracked 
|  48|0x0000000708600000, 0x0000000708600000, 0x0000000708800000|  0%| F|  |TAMS 0x0000000708600000, 0x0000000708600000| Untracked 
|  49|0x0000000708800000, 0x0000000708800000, 0x0000000708a00000|  0%| F|  |TAMS 0x0000000708800000, 0x0000000708800000| Untracked 
|  50|0x0000000708a00000, 0x0000000708a00000, 0x0000000708c00000|  0%| F|  |TAMS 0x0000000708a00000, 0x0000000708a00000| Untracked 
|  51|0x0000000708c00000, 0x0000000708c00000, 0x0000000708e00000|  0%| F|  |TAMS 0x0000000708c00000, 0x0000000708c00000| Untracked 
|  52|0x0000000708e00000, 0x0000000708e00000, 0x0000000709000000|  0%| F|  |TAMS 0x0000000708e00000, 0x0000000708e00000| Untracked 
|  53|0x0000000709000000, 0x0000000709000000, 0x0000000709200000|  0%| F|  |TAMS 0x0000000709000000, 0x0000000709000000| Untracked 
|  54|0x0000000709200000, 0x0000000709200000, 0x0000000709400000|  0%| F|  |TAMS 0x0000000709200000, 0x0000000709200000| Untracked 
|  55|0x0000000709400000, 0x0000000709400000, 0x0000000709600000|  0%| F|  |TAMS 0x0000000709400000, 0x0000000709400000| Untracked 
|  56|0x0000000709600000, 0x0000000709600000, 0x0000000709800000|  0%| F|  |TAMS 0x0000000709600000, 0x0000000709600000| Untracked 
|  57|0x0000000709800000, 0x0000000709800000, 0x0000000709a00000|  0%| F|  |TAMS 0x0000000709800000, 0x0000000709800000| Untracked 
|  58|0x0000000709a00000, 0x0000000709a00000, 0x0000000709c00000|  0%| F|  |TAMS 0x0000000709a00000, 0x0000000709a00000| Untracked 
|  59|0x0000000709c00000, 0x0000000709c00000, 0x0000000709e00000|  0%| F|  |TAMS 0x0000000709c00000, 0x0000000709c00000| Untracked 
|  60|0x0000000709e00000, 0x0000000709e00000, 0x000000070a000000|  0%| F|  |TAMS 0x0000000709e00000, 0x0000000709e00000| Untracked 
|  61|0x000000070a000000, 0x000000070a000000, 0x000000070a200000|  0%| F|  |TAMS 0x000000070a000000, 0x000000070a000000| Untracked 
|  62|0x000000070a200000, 0x000000070a200000, 0x000000070a400000|  0%| F|  |TAMS 0x000000070a200000, 0x000000070a200000| Untracked 
|  63|0x000000070a400000, 0x000000070a400000, 0x000000070a600000|  0%| F|  |TAMS 0x000000070a400000, 0x000000070a400000| Untracked 
|  64|0x000000070a600000, 0x000000070a600000, 0x000000070a800000|  0%| F|  |TAMS 0x000000070a600000, 0x000000070a600000| Untracked 
|  65|0x000000070a800000, 0x000000070a800000, 0x000000070aa00000|  0%| F|  |TAMS 0x000000070a800000, 0x000000070a800000| Untracked 
|  66|0x000000070aa00000, 0x000000070aa00000, 0x000000070ac00000|  0%| F|  |TAMS 0x000000070aa00000, 0x000000070aa00000| Untracked 
|  67|0x000000070ac00000, 0x000000070ac00000, 0x000000070ae00000|  0%| F|  |TAMS 0x000000070ac00000, 0x000000070ac00000| Untracked 
|  68|0x000000070ae00000, 0x000000070ae00000, 0x000000070b000000|  0%| F|  |TAMS 0x000000070ae00000, 0x000000070ae00000| Untracked 
|  69|0x000000070b000000, 0x000000070b000000, 0x000000070b200000|  0%| F|  |TAMS 0x000000070b000000, 0x000000070b000000| Untracked 
|  70|0x000000070b200000, 0x000000070b200000, 0x000000070b400000|  0%| F|  |TAMS 0x000000070b200000, 0x000000070b200000| Untracked 
|  71|0x000000070b400000, 0x000000070b400000, 0x000000070b600000|  0%| F|  |TAMS 0x000000070b400000, 0x000000070b400000| Untracked 
|  72|0x000000070b600000, 0x000000070b600000, 0x000000070b800000|  0%| F|  |TAMS 0x000000070b600000, 0x000000070b600000| Untracked 
|  73|0x000000070b800000, 0x000000070b800000, 0x000000070ba00000|  0%| F|  |TAMS 0x000000070b800000, 0x000000070b800000| Untracked 
|  74|0x000000070ba00000, 0x000000070ba00000, 0x000000070bc00000|  0%| F|  |TAMS 0x000000070ba00000, 0x000000070ba00000| Untracked 
|  75|0x000000070bc00000, 0x000000070bc00000, 0x000000070be00000|  0%| F|  |TAMS 0x000000070bc00000, 0x000000070bc00000| Untracked 
|  76|0x000000070be00000, 0x000000070be00000, 0x000000070c000000|  0%| F|  |TAMS 0x000000070be00000, 0x000000070be00000| Untracked 
|  77|0x000000070c000000, 0x000000070c000000, 0x000000070c200000|  0%| F|  |TAMS 0x000000070c000000, 0x000000070c000000| Untracked 
|  78|0x000000070c200000, 0x000000070c200000, 0x000000070c400000|  0%| F|  |TAMS 0x000000070c200000, 0x000000070c200000| Untracked 
|  79|0x000000070c400000, 0x000000070c400000, 0x000000070c600000|  0%| F|  |TAMS 0x000000070c400000, 0x000000070c400000| Untracked 
|  80|0x000000070c600000, 0x000000070c600000, 0x000000070c800000|  0%| F|  |TAMS 0x000000070c600000, 0x000000070c600000| Untracked 
|  81|0x000000070c800000, 0x000000070c800000, 0x000000070ca00000|  0%| F|  |TAMS 0x000000070c800000, 0x000000070c800000| Untracked 
|  82|0x000000070ca00000, 0x000000070ca00000, 0x000000070cc00000|  0%| F|  |TAMS 0x000000070ca00000, 0x000000070ca00000| Untracked 
|  83|0x000000070cc00000, 0x000000070cc00000, 0x000000070ce00000|  0%| F|  |TAMS 0x000000070cc00000, 0x000000070cc00000| Untracked 
|  84|0x000000070ce00000, 0x000000070ce00000, 0x000000070d000000|  0%| F|  |TAMS 0x000000070ce00000, 0x000000070ce00000| Untracked 
|  85|0x000000070d000000, 0x000000070d000000, 0x000000070d200000|  0%| F|  |TAMS 0x000000070d000000, 0x000000070d000000| Untracked 
|  86|0x000000070d200000, 0x000000070d200000, 0x000000070d400000|  0%| F|  |TAMS 0x000000070d200000, 0x000000070d200000| Untracked 
|  87|0x000000070d400000, 0x000000070d400000, 0x000000070d600000|  0%| F|  |TAMS 0x000000070d400000, 0x000000070d400000| Untracked 
|  88|0x000000070d600000, 0x000000070d600000, 0x000000070d800000|  0%| F|  |TAMS 0x000000070d600000, 0x000000070d600000| Untracked 
|  89|0x000000070d800000, 0x000000070d800000, 0x000000070da00000|  0%| F|  |TAMS 0x000000070d800000, 0x000000070d800000| Untracked 
|  90|0x000000070da00000, 0x000000070da00000, 0x000000070dc00000|  0%| F|  |TAMS 0x000000070da00000, 0x000000070da00000| Untracked 
|  91|0x000000070dc00000, 0x000000070dc00000, 0x000000070de00000|  0%| F|  |TAMS 0x000000070dc00000, 0x000000070dc00000| Untracked 
|  92|0x000000070de00000, 0x000000070de00000, 0x000000070e000000|  0%| F|  |TAMS 0x000000070de00000, 0x000000070de00000| Untracked 
|  93|0x000000070e000000, 0x000000070e000000, 0x000000070e200000|  0%| F|  |TAMS 0x000000070e000000, 0x000000070e000000| Untracked 
|  94|0x000000070e200000, 0x000000070e200000, 0x000000070e400000|  0%| F|  |TAMS 0x000000070e200000, 0x000000070e200000| Untracked 
|  95|0x000000070e400000, 0x000000070e400000, 0x000000070e600000|  0%| F|  |TAMS 0x000000070e400000, 0x000000070e400000| Untracked 
|  96|0x000000070e600000, 0x000000070e600000, 0x000000070e800000|  0%| F|  |TAMS 0x000000070e600000, 0x000000070e600000| Untracked 
|  97|0x000000070e800000, 0x000000070e800000, 0x000000070ea00000|  0%| F|  |TAMS 0x000000070e800000, 0x000000070e800000| Untracked 
|  98|0x000000070ea00000, 0x000000070ea00000, 0x000000070ec00000|  0%| F|  |TAMS 0x000000070ea00000, 0x000000070ea00000| Untracked 
|  99|0x000000070ec00000, 0x000000070ec00000, 0x000000070ee00000|  0%| F|  |TAMS 0x000000070ec00000, 0x000000070ec00000| Untracked 
| 100|0x000000070ee00000, 0x000000070ee00000, 0x000000070f000000|  0%| F|  |TAMS 0x000000070ee00000, 0x000000070ee00000| Untracked 
| 101|0x000000070f000000, 0x000000070f000000, 0x000000070f200000|  0%| F|  |TAMS 0x000000070f000000, 0x000000070f000000| Untracked 
| 102|0x000000070f200000, 0x000000070f200000, 0x000000070f400000|  0%| F|  |TAMS 0x000000070f200000, 0x000000070f200000| Untracked 
| 103|0x000000070f400000, 0x000000070f400000, 0x000000070f600000|  0%| F|  |TAMS 0x000000070f400000, 0x000000070f400000| Untracked 
| 104|0x000000070f600000, 0x000000070f600000, 0x000000070f800000|  0%| F|  |TAMS 0x000000070f600000, 0x000000070f600000| Untracked 
| 105|0x000000070f800000, 0x000000070f800000, 0x000000070fa00000|  0%| F|  |TAMS 0x000000070f800000, 0x000000070f800000| Untracked 
| 106|0x000000070fa00000, 0x000000070fa00000, 0x000000070fc00000|  0%| F|  |TAMS 0x000000070fa00000, 0x000000070fa00000| Untracked 
| 107|0x000000070fc00000, 0x000000070fc00000, 0x000000070fe00000|  0%| F|  |TAMS 0x000000070fc00000, 0x000000070fc00000| Untracked 
| 108|0x000000070fe00000, 0x000000070fe00000, 0x0000000710000000|  0%| F|  |TAMS 0x000000070fe00000, 0x000000070fe00000| Untracked 
| 109|0x0000000710000000, 0x0000000710000000, 0x0000000710200000|  0%| F|  |TAMS 0x0000000710000000, 0x0000000710000000| Untracked 
| 110|0x0000000710200000, 0x0000000710200000, 0x0000000710400000|  0%| F|  |TAMS 0x0000000710200000, 0x0000000710200000| Untracked 
| 111|0x0000000710400000, 0x0000000710400000, 0x0000000710600000|  0%| F|  |TAMS 0x0000000710400000, 0x0000000710400000| Untracked 
| 112|0x0000000710600000, 0x0000000710600000, 0x0000000710800000|  0%| F|  |TAMS 0x0000000710600000, 0x0000000710600000| Untracked 
| 113|0x0000000710800000, 0x0000000710800000, 0x0000000710a00000|  0%| F|  |TAMS 0x0000000710800000, 0x0000000710800000| Untracked 
| 114|0x0000000710a00000, 0x0000000710a00000, 0x0000000710c00000|  0%| F|  |TAMS 0x0000000710a00000, 0x0000000710a00000| Untracked 
| 115|0x0000000710c00000, 0x0000000710c00000, 0x0000000710e00000|  0%| F|  |TAMS 0x0000000710c00000, 0x0000000710c00000| Untracked 
| 116|0x0000000710e00000, 0x0000000710e00000, 0x0000000711000000|  0%| F|  |TAMS 0x0000000710e00000, 0x0000000710e00000| Untracked 
| 117|0x0000000711000000, 0x0000000711000000, 0x0000000711200000|  0%| F|  |TAMS 0x0000000711000000, 0x0000000711000000| Untracked 
| 118|0x0000000711200000, 0x0000000711200000, 0x0000000711400000|  0%| F|  |TAMS 0x0000000711200000, 0x0000000711200000| Untracked 
| 119|0x0000000711400000, 0x0000000711400000, 0x0000000711600000|  0%| F|  |TAMS 0x0000000711400000, 0x0000000711400000| Untracked 
| 120|0x0000000711600000, 0x0000000711600000, 0x0000000711800000|  0%| F|  |TAMS 0x0000000711600000, 0x0000000711600000| Untracked 
| 121|0x0000000711800000, 0x0000000711800000, 0x0000000711a00000|  0%| F|  |TAMS 0x0000000711800000, 0x0000000711800000| Untracked 
| 122|0x0000000711a00000, 0x0000000711a00000, 0x0000000711c00000|  0%| F|  |TAMS 0x0000000711a00000, 0x0000000711a00000| Untracked 
| 123|0x0000000711c00000, 0x0000000711ccf100, 0x0000000711e00000| 40%| E|  |TAMS 0x0000000711c00000, 0x0000000711c00000| Complete 
| 124|0x0000000711e00000, 0x0000000712000000, 0x0000000712000000|100%| E|CS|TAMS 0x0000000711e00000, 0x0000000711e00000| Complete 
| 125|0x0000000712000000, 0x0000000712200000, 0x0000000712200000|100%| E|CS|TAMS 0x0000000712000000, 0x0000000712000000| Complete 
| 126|0x0000000712200000, 0x0000000712400000, 0x0000000712400000|100%| E|CS|TAMS 0x0000000712200000, 0x0000000712200000| Complete 

Card table byte_map: [0x000002207df70000,0x000002207e760000] _byte_map_base: 0x000002207a75d000

Marking Bits (Prev, Next): (CMBitMap*) 0x00000220690fdec0, (CMBitMap*) 0x00000220690fdf00
 Prev Bits: [0x0000022000000000, 0x0000022003f68000)
 Next Bits: [0x0000022003f70000, 0x0000022007ed8000)

Polling page: 0x000002206df10000

Metaspace:

Usage:
  Non-class:      7.26 MB used.
      Class:    700.54 KB used.
       Both:      7.95 MB used.

Virtual space:
  Non-class space:        8.00 MB reserved,       7.31 MB ( 91%) committed,  1 nodes.
      Class space:        1.00 GB reserved,     768.00 KB ( <1%) committed,  1 nodes.
             Both:        1.01 GB reserved,       8.06 MB ( <1%) committed. 

Chunk freelists:
   Non-Class:  288.00 KB
       Class:  3.20 MB
        Both:  3.48 MB

MaxMetaspaceSize: unlimited
CompressedClassSpaceSize: 1.00 GB
Initial GC threshold: 21.00 MB
Current GC threshold: 21.00 MB
CDS: off
MetaspaceReclaimPolicy: balanced
 - commit_granule_bytes: 65536.
 - commit_granule_words: 8192.
 - virtual_space_node_default_size: 1048576.
 - enlarge_chunks_in_place: 1.
 - new_chunks_are_fully_committed: 0.
 - uncommit_free_chunks: 1.
 - use_allocation_guard: 0.
 - handle_deallocations: 1.


Internal statistics:

num_allocs_failed_limit: 0.
num_arena_births: 16.
num_arena_deaths: 0.
num_vsnodes_births: 2.
num_vsnodes_deaths: 0.
num_space_committed: 129.
num_space_uncommitted: 0.
num_chunks_returned_to_freelist: 0.
num_chunks_taken_from_freelist: 59.
num_chunk_merges: 0.
num_chunk_splits: 31.
num_chunks_enlarged: 23.
num_purges: 0.
num_inconsistent_stats: 0.

CodeHeap 'non-profiled nmethods': size=120000Kb used=131Kb max_used=131Kb free=119868Kb
 bounds [0x0000022075a00000, 0x0000022075c70000, 0x000002207cf30000]
CodeHeap 'profiled nmethods': size=120000Kb used=799Kb max_used=799Kb free=119200Kb
 bounds [0x000002206e4d0000, 0x000002206e740000, 0x0000022075a00000]
CodeHeap 'non-nmethods': size=5760Kb used=1123Kb max_used=1139Kb free=4636Kb
 bounds [0x000002206df30000, 0x000002206e1a0000, 0x000002206e4d0000]
 total_blobs=856 nmethods=450 adapters=319
 compilation: enabled
              stopped_count=0, restarted_count=0
 full_count=0

Compilation events (20 events):
Event: 0.213 Thread 0x000002200a866970  429       1       java.security.CodeSource::getLocationNoFragString (5 bytes)
Event: 0.213 Thread 0x000002200a866970 nmethod 429 0x0000022075a1f210 code [0x0000022075a1f3a0, 0x0000022075a1f478]
Event: 0.215 Thread 0x000002200a866970  430       1       jdk.internal.loader.ClassLoaderHelper::mapAlternativeName (2 bytes)
Event: 0.215 Thread 0x000002200a866970 nmethod 430 0x0000022075a1f510 code [0x0000022075a1f6a0, 0x0000022075a1f758]
Event: 0.218 Thread 0x000002200a866970  431       3       java.lang.String::indexOf (18 bytes)
Event: 0.218 Thread 0x000002200a866970 nmethod 431 0x000002206e579c10 code [0x000002206e579de0, 0x000002206e57a0a8]
Event: 0.218 Thread 0x000002200a866970  433   !   3       java.net.URL::<init> (543 bytes)
Event: 0.219 Thread 0x000002200a865fc0  435 %     4       java.lang.StringLatin1::indexOf @ 30 (121 bytes)
Event: 0.222 Thread 0x000002200a866970 nmethod 433 0x000002206e57a210 code [0x000002206e57a8a0, 0x000002206e57e348]
Event: 0.222 Thread 0x000002200a866970  434       3       sun.net.www.ParseUtil::firstEncodeIndex (86 bytes)
Event: 0.222 Thread 0x000002200a866970 nmethod 434 0x000002206e580410 code [0x000002206e580660, 0x000002206e581048]
Event: 0.222 Thread 0x000002200a866970  432       3       java.lang.String::indexOf (113 bytes)
Event: 0.223 Thread 0x000002200a866970 nmethod 432 0x000002206e581410 code [0x000002206e581640, 0x000002206e581c68]
Event: 0.224 Thread 0x000002200a865fc0 nmethod 435% 0x0000022075a1fc90 code [0x0000022075a1fe20, 0x0000022075a201d8]
Event: 0.237 Thread 0x000002200a866970  437       3       java.net.URL::<init> (8 bytes)
Event: 0.237 Thread 0x000002200a866970 nmethod 437 0x000002206e581e10 code [0x000002206e581fc0, 0x000002206e582108]
Event: 0.237 Thread 0x000002200a866970  438       3       sun.net.www.protocol.file.Handler::parseURL (18 bytes)
Event: 0.237 Thread 0x000002200a866970 nmethod 438 0x000002206e582190 code [0x000002206e582340, 0x000002206e5824f8]
Event: 0.237 Thread 0x000002200a866970  439       3       java.net.URLStreamHandler::parseURL (1201 bytes)
Event: 0.239 Thread 0x000002200a865fc0  441       4       java.lang.StringLatin1::indexOf (121 bytes)

GC Heap History (0 events):
No events

Deoptimization events (12 events):
Event: 0.095 Thread 0x00000220690ac920 DEOPT PACKING pc=0x000002206e4f8f0c sp=0x000000ab2edfe320
Event: 0.095 Thread 0x00000220690ac920 DEOPT UNPACKING pc=0x000002206df82b43 sp=0x000000ab2edfd7b0 mode 0
Event: 0.095 Thread 0x00000220690ac920 DEOPT PACKING pc=0x000002206e4f8f0c sp=0x000000ab2edfe320
Event: 0.095 Thread 0x00000220690ac920 DEOPT UNPACKING pc=0x000002206df82b43 sp=0x000000ab2edfd7b0 mode 0
Event: 0.096 Thread 0x00000220690ac920 DEOPT PACKING pc=0x000002206e4f8f0c sp=0x000000ab2edfe320
Event: 0.096 Thread 0x00000220690ac920 DEOPT UNPACKING pc=0x000002206df82b43 sp=0x000000ab2edfd7b0 mode 0
Event: 0.140 Thread 0x00000220690ac920 Uncommon trap: trap_request=0xffffff45 fr.pc=0x0000022075a0afe4 relative=0x0000000000000064
Event: 0.140 Thread 0x00000220690ac920 Uncommon trap: reason=unstable_if action=reinterpret pc=0x0000022075a0afe4 method=java.io.WinNTFileSystem.isSlash(C)Z @ 9 c2
Event: 0.140 Thread 0x00000220690ac920 DEOPT PACKING pc=0x0000022075a0afe4 sp=0x000000ab2edfcbb0
Event: 0.140 Thread 0x00000220690ac920 DEOPT UNPACKING pc=0x000002206df823a3 sp=0x000000ab2edfcb38 mode 2
Event: 0.239 Thread 0x00000220690ac920 DEOPT PACKING pc=0x000002206e4f58e5 sp=0x000000ab2edfd790
Event: 0.239 Thread 0x00000220690ac920 DEOPT UNPACKING pc=0x000002206df82b43 sp=0x000000ab2edfcbe0 mode 0

Classes unloaded (0 events):
No events

Classes redefined (0 events):
No events

Internal exceptions (2 events):
Event: 0.158 Thread 0x00000220690ac920 Exception <a 'java/lang/NoSuchMethodError'{0x0000000711ee0d00}: 'java.lang.Object java.lang.invoke.DirectMethodHandle$Holder.invokeStaticInit(java.lang.Object, int, int, int, int)'> (0x0000000711ee0d00) 
thrown [e:\jenkins\tmp\workspace\build\src\src\hotspot\share\interpreter\linkResolver.cpp, line 766]
Event: 0.186 Thread 0x00000220690ac920 Exception <a 'java/lang/NoSuchMethodError'{0x0000000711fcca28}: 'java.lang.Object java.lang.invoke.DirectMethodHandle$Holder.invokeStaticInit(java.lang.Object, java.lang.Object, int, int, int, int)'> (0x0000000711fcca28) 
thrown [e:\jenkins\tmp\workspace\build\src\src\hotspot\share\interpreter\linkResolver.cpp, line 766]

VM Operations (10 events):
Event: 0.071 Executing VM operation: HandshakeAllThreads
Event: 0.071 Executing VM operation: HandshakeAllThreads done
Event: 0.138 Executing VM operation: HandshakeAllThreads
Event: 0.138 Executing VM operation: HandshakeAllThreads done
Event: 0.168 Executing VM operation: HandshakeAllThreads
Event: 0.168 Executing VM operation: HandshakeAllThreads done
Event: 0.189 Executing VM operation: HandshakeAllThreads
Event: 0.189 Executing VM operation: HandshakeAllThreads done
Event: 0.210 Executing VM operation: HandshakeAllThreads
Event: 0.210 Executing VM operation: HandshakeAllThreads done

Events (20 events):
Event: 0.190 loading class java/io/DeleteOnExitHook$1
Event: 0.190 loading class java/io/DeleteOnExitHook$1 done
Event: 0.190 loading class java/lang/Shutdown
Event: 0.190 loading class java/lang/Shutdown done
Event: 0.190 loading class java/lang/Shutdown$Lock
Event: 0.190 loading class java/lang/Shutdown$Lock done
Event: 0.190 loading class java/io/FileOutputStream$1
Event: 0.190 loading class java/io/FileOutputStream$1 done
Event: 0.207 Loaded shared library C:\Users\gabri\AppData\Local\Temp\jansi-1.17.1-6837389233021095239.dll
Event: 0.207 loading class jdk/internal/loader/NativeLibraries$Unloader
Event: 0.207 loading class jdk/internal/loader/NativeLibraries$Unloader done
Event: 0.236 Loaded shared library C:\Users\gabri\AppData\Local\Temp\jansi-1.17.1-9588404083228211396.dll
Event: 0.238 loading class java/lang/ApplicationShutdownHooks
Event: 0.238 loading class java/lang/ApplicationShutdownHooks done
Event: 0.238 loading class java/lang/ApplicationShutdownHooks$1
Event: 0.238 loading class java/lang/ApplicationShutdownHooks$1 done
Event: 0.243 loading class java/lang/CloneNotSupportedException
Event: 0.243 loading class java/lang/CloneNotSupportedException done
Event: 0.243 loading class java/lang/UnsupportedOperationException
Event: 0.243 loading class java/lang/UnsupportedOperationException done


Dynamic libraries:
0x00007ff607630000 - 0x00007ff60763e000 	C:\Users\gabri\.p2\pool\plugins\org.eclipse.justj.openjdk.hotspot.jre.full.win32.x86_64_17.0.0.v20211012-1059\jre\bin\javaw.exe
0x00007ffc04ef0000 - 0x00007ffc050e5000 	C:\WINDOWS\SYSTEM32\ntdll.dll
0x00007ffc03d70000 - 0x00007ffc03e2e000 	C:\WINDOWS\System32\KERNEL32.DLL
0x00007ffc026f0000 - 0x00007ffc029b8000 	C:\WINDOWS\System32\KERNELBASE.dll
0x00007ffc02d60000 - 0x00007ffc02e60000 	C:\WINDOWS\System32\ucrtbase.dll
0x00007ffbfc9e0000 - 0x00007ffbfc9f8000 	C:\Users\gabri\.p2\pool\plugins\org.eclipse.justj.openjdk.hotspot.jre.full.win32.x86_64_17.0.0.v20211012-1059\jre\bin\jli.dll
0x00007ffbfc540000 - 0x00007ffbfc559000 	C:\Users\gabri\.p2\pool\plugins\org.eclipse.justj.openjdk.hotspot.jre.full.win32.x86_64_17.0.0.v20211012-1059\jre\bin\VCRUNTIME140.dll
0x00007ffc039b0000 - 0x00007ffc03b51000 	C:\WINDOWS\System32\USER32.dll
0x00007ffbead70000 - 0x00007ffbeb00a000 	C:\WINDOWS\WinSxS\amd64_microsoft.windows.common-controls_6595b64144ccf1df_6.0.19041.1110_none_60b5254171f9507e\COMCTL32.dll
0x00007ffc02f10000 - 0x00007ffc02f32000 	C:\WINDOWS\System32\win32u.dll
0x00007ffc03e50000 - 0x00007ffc03eee000 	C:\WINDOWS\System32\msvcrt.dll
0x00007ffc03b90000 - 0x00007ffc03bbb000 	C:\WINDOWS\System32\GDI32.dll
0x00007ffc02b50000 - 0x00007ffc02c5b000 	C:\WINDOWS\System32\gdi32full.dll
0x00007ffc02c60000 - 0x00007ffc02cfd000 	C:\WINDOWS\System32\msvcp_win.dll
0x00007ffc03b60000 - 0x00007ffc03b90000 	C:\WINDOWS\System32\IMM32.DLL
0x00007ffbfdab0000 - 0x00007ffbfdabc000 	C:\Users\gabri\.p2\pool\plugins\org.eclipse.justj.openjdk.hotspot.jre.full.win32.x86_64_17.0.0.v20211012-1059\jre\bin\vcruntime140_1.dll
0x00007ffbe1800000 - 0x00007ffbe1891000 	C:\Users\gabri\.p2\pool\plugins\org.eclipse.justj.openjdk.hotspot.jre.full.win32.x86_64_17.0.0.v20211012-1059\jre\bin\msvcp140.dll
0x00007ffba8d80000 - 0x00007ffba99c6000 	C:\Users\gabri\.p2\pool\plugins\org.eclipse.justj.openjdk.hotspot.jre.full.win32.x86_64_17.0.0.v20211012-1059\jre\bin\server\jvm.dll
0x00007ffc033d0000 - 0x00007ffc0347c000 	C:\WINDOWS\System32\ADVAPI32.dll
0x00007ffc04480000 - 0x00007ffc0451b000 	C:\WINDOWS\System32\sechost.dll
0x00007ffc032a0000 - 0x00007ffc033ca000 	C:\WINDOWS\System32\RPCRT4.dll
0x00007ffc03d60000 - 0x00007ffc03d68000 	C:\WINDOWS\System32\PSAPI.DLL
0x00007ffbf9fb0000 - 0x00007ffbf9fd7000 	C:\WINDOWS\SYSTEM32\WINMM.dll
0x00007ffbfe240000 - 0x00007ffbfe249000 	C:\WINDOWS\SYSTEM32\WSOCK32.dll
0x00007ffbfbbf0000 - 0x00007ffbfbbfa000 	C:\WINDOWS\SYSTEM32\VERSION.dll
0x00007ffc03cf0000 - 0x00007ffc03d5b000 	C:\WINDOWS\System32\WS2_32.dll
0x00007ffc00450000 - 0x00007ffc00462000 	C:\WINDOWS\SYSTEM32\kernel.appcore.dll
0x00007ffbfdd70000 - 0x00007ffbfdd7a000 	C:\Users\gabri\.p2\pool\plugins\org.eclipse.justj.openjdk.hotspot.jre.full.win32.x86_64_17.0.0.v20211012-1059\jre\bin\jimage.dll
0x00007ffbef320000 - 0x00007ffbef504000 	C:\WINDOWS\SYSTEM32\DBGHELP.DLL
0x00007ffbee400000 - 0x00007ffbee42c000 	C:\WINDOWS\SYSTEM32\dbgcore.DLL
0x00007ffc02610000 - 0x00007ffc02693000 	C:\WINDOWS\System32\bcryptPrimitives.dll
0x00007ffbfc810000 - 0x00007ffbfc835000 	C:\Users\gabri\.p2\pool\plugins\org.eclipse.justj.openjdk.hotspot.jre.full.win32.x86_64_17.0.0.v20211012-1059\jre\bin\java.dll
0x00007ffbfc700000 - 0x00007ffbfc718000 	C:\Users\gabri\.p2\pool\plugins\org.eclipse.justj.openjdk.hotspot.jre.full.win32.x86_64_17.0.0.v20211012-1059\jre\bin\zip.dll
0x00007ffc04710000 - 0x00007ffc04e4f000 	C:\WINDOWS\System32\SHELL32.dll
0x00007ffc00730000 - 0x00007ffc00ec0000 	C:\WINDOWS\SYSTEM32\windows.storage.dll
0x00007ffc02f40000 - 0x00007ffc03295000 	C:\WINDOWS\System32\combase.dll
0x00007ffc01f90000 - 0x00007ffc01fbe000 	C:\WINDOWS\SYSTEM32\Wldp.dll
0x00007ffc03f50000 - 0x00007ffc03ffd000 	C:\WINDOWS\System32\SHCORE.dll
0x00007ffc04e50000 - 0x00007ffc04ea5000 	C:\WINDOWS\System32\shlwapi.dll
0x00007ffc02550000 - 0x00007ffc0256f000 	C:\WINDOWS\SYSTEM32\profapi.dll
0x00007ffbfc6e0000 - 0x00007ffbfc6f9000 	C:\Users\gabri\.p2\pool\plugins\org.eclipse.justj.openjdk.hotspot.jre.full.win32.x86_64_17.0.0.v20211012-1059\jre\bin\net.dll
0x00007ffbf8780000 - 0x00007ffbf888c000 	C:\WINDOWS\SYSTEM32\WINHTTP.dll
0x00007ffc01cf0000 - 0x00007ffc01d5a000 	C:\WINDOWS\system32\mswsock.dll
0x00007ffbfc560000 - 0x00007ffbfc575000 	C:\Users\gabri\.p2\pool\plugins\org.eclipse.justj.openjdk.hotspot.jre.full.win32.x86_64_17.0.0.v20211012-1059\jre\bin\nio.dll
0x00007ffbfda70000 - 0x00007ffbfda80000 	C:\Users\gabri\.p2\pool\plugins\org.eclipse.justj.openjdk.hotspot.jre.full.win32.x86_64_17.0.0.v20211012-1059\jre\bin\verify.dll
0x00007ffc01ee0000 - 0x00007ffc01ef8000 	C:\WINDOWS\SYSTEM32\CRYPTSP.dll
0x00007ffc01670000 - 0x00007ffc016a4000 	C:\WINDOWS\system32\rsaenh.dll
0x00007ffc02b20000 - 0x00007ffc02b47000 	C:\WINDOWS\System32\bcrypt.dll
0x00007ffc024d0000 - 0x00007ffc024fe000 	C:\WINDOWS\SYSTEM32\USERENV.dll
0x00007ffc01f00000 - 0x00007ffc01f0c000 	C:\WINDOWS\SYSTEM32\CRYPTBASE.dll
0x00007ffc019e0000 - 0x00007ffc01a1b000 	C:\WINDOWS\SYSTEM32\IPHLPAPI.DLL
0x00007ffc039a0000 - 0x00007ffc039a8000 	C:\WINDOWS\System32\NSI.dll
0x00007ffbfa9d0000 - 0x00007ffbfa9e7000 	C:\WINDOWS\SYSTEM32\dhcpcsvc6.DLL
0x00007ffbfa9b0000 - 0x00007ffbfa9cd000 	C:\WINDOWS\SYSTEM32\dhcpcsvc.DLL
0x00007ffc01a20000 - 0x00007ffc01aeb000 	C:\WINDOWS\SYSTEM32\DNSAPI.dll
0x00007ffbfe2b0000 - 0x00007ffbfe2ba000 	C:\Users\gabri\AppData\Local\Temp\jansi-1.17.1-6837389233021095239.dll
0x00007ffbfda80000 - 0x00007ffbfda8a000 	C:\Users\gabri\AppData\Local\Temp\jansi-1.17.1-9588404083228211396.dll

dbghelp: loaded successfully - version: 4.0.5 - missing functions: none
symbol engine: initialized successfully - sym options: 0x614 - pdb path: .;C:\Users\gabri\.p2\pool\plugins\org.eclipse.justj.openjdk.hotspot.jre.full.win32.x86_64_17.0.0.v20211012-1059\jre\bin;C:\WINDOWS\SYSTEM32;C:\WINDOWS\WinSxS\amd64_microsoft.windows.common-controls_6595b64144ccf1df_6.0.19041.1110_none_60b5254171f9507e;C:\Users\gabri\.p2\pool\plugins\org.eclipse.justj.openjdk.hotspot.jre.full.win32.x86_64_17.0.0.v20211012-1059\jre\bin\server;C:\Users\gabri\AppData\Local\Temp

VM Arguments:
jvm_args: -Dmaven.home=EMBEDDED -Dclassworlds.conf=E:\Documents (D)\eclipse-workspace\.metadata\.plugins\org.eclipse.m2e.launching\launches\m2conf248530847801663202.tmp -Dmaven.multiModuleProjectDirectory=E:\Documents (D)\eclipse-workspace\pni3 -Dfile.encoding=Cp1252 -XX:+ShowCodeDetailsInExceptionMessages 
java_command: org.codehaus.plexus.classworlds.launcher.Launcher -B clean package
java_class_path (initial): C:\Users\gabri\.p2\pool\plugins\org.eclipse.m2e.maven.runtime_1.18.0.20210618-2246\jars\plexus-classworlds-2.6.0.jar
Launcher Type: SUN_STANDARD

[Global flags]
     intx CICompilerCount                          = 3                                         {product} {ergonomic}
     uint ConcGCThreads                            = 2                                         {product} {ergonomic}
     uint G1ConcRefinementThreads                  = 6                                         {product} {ergonomic}
   size_t G1HeapRegionSize                         = 2097152                                   {product} {ergonomic}
    uintx GCDrainStackTargetSize                   = 64                                        {product} {ergonomic}
   size_t InitialHeapSize                          = 266338304                                 {product} {ergonomic}
   size_t MarkStackSize                            = 4194304                                   {product} {ergonomic}
   size_t MaxHeapSize                              = 4255121408                                {product} {ergonomic}
   size_t MaxNewSize                               = 2552233984                                {product} {ergonomic}
   size_t MinHeapDeltaBytes                        = 2097152                                   {product} {ergonomic}
   size_t MinHeapSize                              = 8388608                                   {product} {ergonomic}
    uintx NonNMethodCodeHeapSize                   = 5832780                                {pd product} {ergonomic}
    uintx NonProfiledCodeHeapSize                  = 122912730                              {pd product} {ergonomic}
    uintx ProfiledCodeHeapSize                     = 122912730                              {pd product} {ergonomic}
    uintx ReservedCodeCacheSize                    = 251658240                              {pd product} {ergonomic}
     bool SegmentedCodeCache                       = true                                      {product} {ergonomic}
     bool ShowCodeDetailsInExceptionMessages       = true                                   {manageable} {command line}
   size_t SoftMaxHeapSize                          = 4255121408                             {manageable} {ergonomic}
     bool UseCompressedClassPointers               = true                           {product lp64_product} {ergonomic}
     bool UseCompressedOops                        = true                           {product lp64_product} {ergonomic}
     bool UseG1GC                                  = true                                      {product} {ergonomic}
     bool UseLargePagesIndividualAllocation        = false                                  {pd product} {ergonomic}

Logging:
Log output configuration:
 #0: stdout all=warning uptime,level,tags
 #1: stderr all=off uptime,level,tags

Environment Variables:
JAVA_HOME=C:\Program Files\Java\jdk1.8.0_301
CLASSPATH=C:\Program Files\Java\jdk1.8.0_301
PATH=C:/Users/gabri/.p2/pool/plugins/org.eclipse.justj.openjdk.hotspot.jre.full.win32.x86_64_17.0.0.v20211012-1059/jre/bin/server;C:/Users/gabri/.p2/pool/plugins/org.eclipse.justj.openjdk.hotspot.jre.full.win32.x86_64_17.0.0.v20211012-1059/jre/bin;C:\Program Files\Java\jdk1.8.0_301\bin;C:\Program Files (x86)\VMware\VMware Player\bin\;C:\Program Files (x86)\Common Files\Oracle\Java\javapath;C:\WINDOWS\system32;C:\WINDOWS;C:\WINDOWS\System32\Wbem;C:\WINDOWS\System32\WindowsPowerShell\v1.0\;C:\WINDOWS\System32\OpenSSH\;C:\apache-maven-3.8.1\bin;C:\Program Files\nodejs\;C:\Program Files\MySQL\MySQL Shell 8.0\bin\;C:\Program Files\Java\jdk1.8.0_301\bin;C:\Users\gabri\AppData\Local\Microsoft\WindowsApps;C:\apache-maven-3.8.1\bin;C:\Users\gabri\AppData\Local\Programs\Microsoft VS Code\bin;C:\Users\gabri\AppData\Roaming\npm;C:\Users\gabri\eclipse\jee-2021-09\eclipse;
USERNAME=gabri
OS=Windows_NT
PROCESSOR_IDENTIFIER=Intel64 Family 6 Model 158 Stepping 13, GenuineIntel



---------------  S Y S T E M  ---------------

OS:
 Windows 10 , 64 bit Build 19041 (10.0.19041.1348)
OS uptime: 2 days 14:03 hours

CPU: total 6 (initial active 6) (6 cores per cpu, 1 threads per core) family 6 model 158 stepping 13 microcode 0xb0, cx8, cmov, fxsr, mmx, 3dnowpref, sse, sse2, sse3, ssse3, sse4.1, sse4.2, popcnt, lzcnt, tsc, tscinvbit, avx, avx2, aes, erms, clmul, bmi1, bmi2, rtm, adx, fma, vzeroupper, clflush, clflushopt

Memory: 4k page, system-wide physical 16226M (3754M free)
TotalPageFile size 21226M (AvailPageFile size 2M)
current process WorkingSet (physical memory assigned to process): 51M, peak: 51M
current process commit charge ("private bytes"): 342M, peak: 342M

vm_info: OpenJDK 64-Bit Server VM (17+35) for windows-amd64 JRE (17+35), built on Sep 14 2021 17:27:39 by "" with MS VC++ 16.7 (VS2019)

END.
